<?xml version="1.0" encoding="utf-8"?><testsuites><testsuite name="pytest" errors="1" failures="0" skipped="0" tests="1" time="0.335" timestamp="2026-01-29T14:13:14.265976+01:00" hostname="OLI-OMEN"><testcase classname="" name="tests.test_paddleocr" time="0.000"><error message="collection failure">ImportError while importing test module '/media/olivier/ssd1T/dev/kairntech/pyconverters_paddleocr/tests/test_paddleocr.py'.
Hint: make sure your test modules/packages have valid Python names.
Traceback:
../../../.pyenv/versions/3.8.2/lib/python3.8/importlib/__init__.py:127: in import_module
    return _bootstrap._gcd_import(name[level:], package, level)
tests/test_paddleocr.py:8: in &lt;module&gt;
    from pyconverters_paddleocr.paddleocr import PaddleOCRConverter, PaddleOCRParameters
.tox/report/lib/python3.8/site-packages/pyconverters_paddleocr/paddleocr.py:14: in &lt;module&gt;
    from bs4 import BeautifulSoup
E   ModuleNotFoundError: No module named 'bs4'</error></testcase></testsuite></testsuites>