<?xml version="1.0" encoding="utf-8"?><testsuites><testsuite name="pytest" errors="1" failures="0" skipped="0" tests="1" time="0.671" timestamp="2025-12-11T16:37:27.055468+01:00" hostname="OLI-OMEN"><testcase classname="" name="tests.test_mistralocr" time="0.000"><error message="collection failure">ImportError while importing test module '/media/olivier/ssd1T/dev/kairntech/pyconverters_mistralocr/tests/test_mistralocr.py'.
Hint: make sure your test modules/packages have valid Python names.
Traceback:
../../../.pyenv/versions/3.8.2/lib/python3.8/importlib/__init__.py:127: in import_module
    return _bootstrap._gcd_import(name[level:], package, level)
tests/test_mistralocr.py:8: in &lt;module&gt;
    from pyconverters_mistralocr.mistralocr import MistralOCRConverter, MistralOCRParameters
.tox/report/lib/python3.8/site-packages/pyconverters_mistralocr/mistralocr.py:11: in &lt;module&gt;
    import pymupdf
E   ModuleNotFoundError: No module named 'pymupdf'</error></testcase></testsuite></testsuites>