<?xml version="1.0" encoding="utf-8"?><testsuites name="pytest tests"><testsuite name="pytest" errors="4" failures="39" skipped="0" tests="323" time="67.693" timestamp="2026-01-04T04:23:10.782657-08:00" hostname="les-pro"><testcase classname="tests.unit.test_alerts.TestAlertsModule" name="test_alert_level_enum" time="0.046" /><testcase classname="tests.unit.test_alerts.TestAlertsModule" name="test_alert_channel_enum" time="0.002" /><testcase classname="tests.unit.test_alerts.TestAlertsModule" name="test_alert_dataclass" time="0.005" /><testcase classname="tests.unit.test_alerts.TestAlertsModule" name="test_alert_rule_dataclass" time="0.002" /><testcase classname="tests.unit.test_alerts.TestAlertsModule" name="test_alert_manager_initialization" time="0.003" /><testcase classname="tests.unit.test_alerts.TestAlertsModule" name="test_check_conditions_disabled" time="0.001"><failure message="Failed: async def functions are not natively supported.&#10;You need to install a suitable plugin for your async framework, for example:&#10;  - anyio&#10;  - pytest-asyncio&#10;  - pytest-tornasync&#10;  - pytest-trio&#10;  - pytest-twisted">async def functions are not natively supported.
You need to install a suitable plugin for your async framework, for example:
  - anyio
  - pytest-asyncio
  - pytest-tornasync
  - pytest-trio
  - pytest-twisted</failure></testcase><testcase classname="tests.unit.test_alerts.TestAlertsModule" name="test_check_conditions_with_metrics" time="0.001"><failure message="Failed: async def functions are not natively supported.&#10;You need to install a suitable plugin for your async framework, for example:&#10;  - anyio&#10;  - pytest-asyncio&#10;  - pytest-tornasync&#10;  - pytest-trio&#10;  - pytest-twisted">async def functions are not natively supported.
You need to install a suitable plugin for your async framework, for example:
  - anyio
  - pytest-asyncio
  - pytest-tornasync
  - pytest-trio
  - pytest-twisted</failure></testcase><testcase classname="tests.unit.test_alerts.TestAlertsModule" name="test_force_alert" time="0.002"><failure message="Failed: async def functions are not natively supported.&#10;You need to install a suitable plugin for your async framework, for example:&#10;  - anyio&#10;  - pytest-asyncio&#10;  - pytest-tornasync&#10;  - pytest-trio&#10;  - pytest-twisted">async def functions are not natively supported.
You need to install a suitable plugin for your async framework, for example:
  - anyio
  - pytest-asyncio
  - pytest-tornasync
  - pytest-trio
  - pytest-twisted</failure></testcase><testcase classname="tests.unit.test_alerts.TestAlertsModule" name="test_get_alert_statistics" time="0.002"><failure message="Failed: async def functions are not natively supported.&#10;You need to install a suitable plugin for your async framework, for example:&#10;  - anyio&#10;  - pytest-asyncio&#10;  - pytest-tornasync&#10;  - pytest-trio&#10;  - pytest-twisted">async def functions are not natively supported.
You need to install a suitable plugin for your async framework, for example:
  - anyio
  - pytest-asyncio
  - pytest-tornasync
  - pytest-trio
  - pytest-twisted</failure></testcase><testcase classname="tests.unit.test_alerts.TestAlertsModule" name="test_enable_disable_rule" time="0.005" /><testcase classname="tests.unit.test_alerts.TestAlertsModule" name="test_clear_alert_history" time="0.013" /><testcase classname="tests.unit.test_alerts.TestAlertsModule" name="test_get_alert_rules" time="0.005" /><testcase classname="tests.unit.test_alerts.TestAlertsModule" name="test_safe_eval_condition" time="0.003"><failure message="Failed: async def functions are not natively supported.&#10;You need to install a suitable plugin for your async framework, for example:&#10;  - anyio&#10;  - pytest-asyncio&#10;  - pytest-tornasync&#10;  - pytest-trio&#10;  - pytest-twisted">async def functions are not natively supported.
You need to install a suitable plugin for your async framework, for example:
  - anyio
  - pytest-asyncio
  - pytest-tornasync
  - pytest-trio
  - pytest-twisted</failure></testcase><testcase classname="tests.unit.test_alerts.TestAlertsModule" name="test_safe_eval_condition_errors" time="0.008"><failure message="Failed: async def functions are not natively supported.&#10;You need to install a suitable plugin for your async framework, for example:&#10;  - anyio&#10;  - pytest-asyncio&#10;  - pytest-tornasync&#10;  - pytest-trio&#10;  - pytest-twisted">async def functions are not natively supported.
You need to install a suitable plugin for your async framework, for example:
  - anyio
  - pytest-asyncio
  - pytest-tornasync
  - pytest-trio
  - pytest-twisted</failure></testcase><testcase classname="tests.unit.test_alerts.TestAlertsModule" name="test_format_alert_message" time="0.002"><failure message="Failed: async def functions are not natively supported.&#10;You need to install a suitable plugin for your async framework, for example:&#10;  - anyio&#10;  - pytest-asyncio&#10;  - pytest-tornasync&#10;  - pytest-trio&#10;  - pytest-twisted">async def functions are not natively supported.
You need to install a suitable plugin for your async framework, for example:
  - anyio
  - pytest-asyncio
  - pytest-tornasync
  - pytest-trio
  - pytest-twisted</failure></testcase><testcase classname="tests.unit.test_alerts.TestAlertsModule" name="test_should_throttle_alert" time="0.001"><failure message="Failed: async def functions are not natively supported.&#10;You need to install a suitable plugin for your async framework, for example:&#10;  - anyio&#10;  - pytest-asyncio&#10;  - pytest-tornasync&#10;  - pytest-trio&#10;  - pytest-twisted">async def functions are not natively supported.
You need to install a suitable plugin for your async framework, for example:
  - anyio
  - pytest-asyncio
  - pytest-tornasync
  - pytest-trio
  - pytest-twisted</failure></testcase><testcase classname="tests.unit.test_alerts.TestAlertsModule" name="test_send_log_alert" time="0.002"><failure message="Failed: async def functions are not natively supported.&#10;You need to install a suitable plugin for your async framework, for example:&#10;  - anyio&#10;  - pytest-asyncio&#10;  - pytest-tornasync&#10;  - pytest-trio&#10;  - pytest-twisted">async def functions are not natively supported.
You need to install a suitable plugin for your async framework, for example:
  - anyio
  - pytest-asyncio
  - pytest-tornasync
  - pytest-trio
  - pytest-twisted</failure></testcase><testcase classname="tests.unit.test_alerts.TestAlertsModule" name="test_send_webhook_alert" time="0.001"><failure message="Failed: async def functions are not natively supported.&#10;You need to install a suitable plugin for your async framework, for example:&#10;  - anyio&#10;  - pytest-asyncio&#10;  - pytest-tornasync&#10;  - pytest-trio&#10;  - pytest-twisted">async def functions are not natively supported.
You need to install a suitable plugin for your async framework, for example:
  - anyio
  - pytest-asyncio
  - pytest-tornasync
  - pytest-trio
  - pytest-twisted</failure></testcase><testcase classname="tests.unit.test_alerts.TestAlertsModule" name="test_send_webhook_alert_no_url" time="0.003"><failure message="Failed: async def functions are not natively supported.&#10;You need to install a suitable plugin for your async framework, for example:&#10;  - anyio&#10;  - pytest-asyncio&#10;  - pytest-tornasync&#10;  - pytest-trio&#10;  - pytest-twisted">async def functions are not natively supported.
You need to install a suitable plugin for your async framework, for example:
  - anyio
  - pytest-asyncio
  - pytest-tornasync
  - pytest-trio
  - pytest-twisted</failure></testcase><testcase classname="tests.unit.test_circuit_breaker.TestCircuitBreaker" name="test_circuit_closed_success" time="0.014" /><testcase classname="tests.unit.test_circuit_breaker.TestCircuitBreaker" name="test_circuit_closed_failure" time="0.005" /><testcase classname="tests.unit.test_circuit_breaker.TestCircuitBreaker" name="test_circuit_opens_on_failure_threshold" time="0.018" /><testcase classname="tests.unit.test_circuit_breaker.TestCircuitBreaker" name="test_circuit_half_open_recovery" time="0.012" /><testcase classname="tests.unit.test_circuit_breaker.TestCircuitBreaker" name="test_half_open_failure_reopens_circuit" time="0.006" /><testcase classname="tests.unit.test_circuit_breaker.TestCircuitBreaker" name="test_half_open_call_limit" time="0.004" /><testcase classname="tests.unit.test_circuit_breaker.TestCircuitBreaker" name="test_circuit_statistics" time="0.004" /><testcase classname="tests.unit.test_circuit_breaker.TestCircuitBreaker" name="test_force_open" time="0.004" /><testcase classname="tests.unit.test_circuit_breaker.TestCircuitBreaker" name="test_force_close" time="0.004" /><testcase classname="tests.unit.test_circuit_breaker.TestCircuitBreaker" name="test_circuit_reset" time="0.005" /><testcase classname="tests.unit.test_circuit_breaker.TestCircuitBreaker" name="test_recovery_timeout_calculation" time="0.006" /><testcase classname="tests.unit.test_circuit_breaker.TestCircuitBreaker" name="test_healthy_status" time="0.005" /><testcase classname="tests.unit.test_circuit_breaker.TestCircuitBreaker" name="test_sync_function_call" time="0.004" /><testcase classname="tests.unit.test_circuit_breaker.TestCircuitBreaker" name="test_concurrent_calls" time="0.110" /><testcase classname="tests.unit.test_circuit_breaker.TestCircuitBreaker" name="test_config_defaults" time="0.004" /><testcase classname="tests.unit.test_circuit_breaker.TestCircuitBreaker" name="test_state_transitions_logged" time="0.005" /><testcase classname="tests.unit.test_cli.TestCLIModule" name="test_get_process_manager" time="0.001" /><testcase classname="tests.unit.test_cli.TestCLIModule" name="test_get_monitoring_supervisor" time="0.001" /><testcase classname="tests.unit.test_cli.TestCLIModule" name="test_find_mcp_server_process" time="0.003" /><testcase classname="tests.unit.test_cli.TestCLIModule" name="test_find_mcp_server_process_not_found" time="0.002" /><testcase classname="tests.unit.test_cli.TestCLIModule" name="test_find_canvas_server_process" time="0.004" /><testcase classname="tests.unit.test_cli.TestCLIModule" name="test_find_canvas_server_process_dist" time="0.002" /><testcase classname="tests.unit.test_cli.TestCLIModule" name="test_find_canvas_server_process_not_found" time="0.002" /><testcase classname="tests.unit.test_cli.TestCLIModule" name="test_start_mcp_server_impl_already_running" time="0.003" /><testcase classname="tests.unit.test_cli.TestCLIModule" name="test_start_mcp_server_impl_background" time="0.006"><failure message="SystemExit: 1">E   SystemExit: 1</failure></testcase><testcase classname="tests.unit.test_cli.TestCLIModule" name="test_start_mcp_server_impl_foreground_with_monitoring" time="0.004" /><testcase classname="tests.unit.test_cli.TestCLIModule" name="test_stop_mcp_server_impl_no_processes" time="0.008" /><testcase classname="tests.unit.test_cli.TestCLIModule" name="test_stop_mcp_server_impl_with_processes" time="0.004" /><testcase classname="tests.unit.test_cli.TestCLIModule" name="test_restart_mcp_server_impl" time="0.004" /><testcase classname="tests.unit.test_cli.TestCLIModule" name="test_status_impl_no_processes" time="0.008" /><testcase classname="tests.unit.test_cli.TestCLIModule" name="test_find_log_file_exists" time="0.009" /><testcase classname="tests.unit.test_cli.TestCLIModule" name="test_find_log_file_not_exists" time="0.013"><failure message="AssertionError: assert &lt;MagicMock name='Path.home().__truediv__().__truediv__()' id='4465193856'&gt; is None">E   AssertionError: assert &lt;MagicMock name='Path.home().__truediv__().__truediv__()' id='4465193856'&gt; is None</failure></testcase><testcase classname="tests.unit.test_cli.TestCLIModule" name="test_show_missing_log_message" time="0.003" /><testcase classname="tests.unit.test_cli.TestCLIModule" name="test_logs_impl_no_log_file" time="0.003" /><testcase classname="tests.unit.test_cli.TestCLIModule" name="test_main_no_action" time="0.002" /><testcase classname="tests.unit.test_cli.TestCLIModule" name="test_main_multiple_actions_error" time="0.001" /><testcase classname="tests.unit.test_cli.TestCLIModule" name="test_main_start_action" time="0.134"><failure message="AssertionError: Expected 'start_mcp_server_impl' to be called once. Called 0 times.">E   AssertionError: Expected 'start_mcp_server_impl' to be called once. Called 0 times.

During handling of the above exception, another exception occurred:
E   AssertionError: Expected 'start_mcp_server_impl' to be called once. Called 0 times.</failure></testcase><testcase classname="tests.unit.test_cli_additional.TestCLIModuleAdditional" name="test_find_mcp_server_process_with_access_denied" time="0.002" /><testcase classname="tests.unit.test_cli_additional.TestCLIModuleAdditional" name="test_find_canvas_server_process_with_access_denied" time="0.003" /><testcase classname="tests.unit.test_cli_additional.TestCLIModuleAdditional" name="test_start_mcp_server_impl_with_foreground_and_monitoring_false" time="0.889"><failure message="SystemExit: 1">E   OSError: [Errno 48] error while attempting to bind on address ('127.0.0.1', 3032): [errno 48] address already in use

During handling of the above exception, another exception occurred:
E   SystemExit: 1</failure></testcase><testcase classname="tests.unit.test_cli_additional.TestCLIModuleAdditional" name="test_stop_mcp_server_impl_with_force" time="0.013" /><testcase classname="tests.unit.test_cli_additional.TestCLIModuleAdditional" name="test_stop_process_kill" time="0.003" /><testcase classname="tests.unit.test_cli_additional.TestCLIModuleAdditional" name="test_stop_process_terminate_timeout" time="0.002" /><testcase classname="tests.unit.test_cli_additional.TestCLIModuleAdditional" name="test_stop_process_no_such_process" time="0.023" /><testcase classname="tests.unit.test_cli_additional.TestCLIModuleAdditional" name="test_stop_process_exception" time="0.055" /><testcase classname="tests.unit.test_cli_additional.TestCLIModuleAdditional" name="test_find_log_file_multiple_paths" time="0.014"><failure message="AssertionError: assert &lt;MagicMock name='Path.home().__truediv__().__truediv__()' id='4469809776'&gt; is &lt;Mock id='4467356880'&gt;">E   AssertionError: assert &lt;MagicMock name='Path.home().__truediv__().__truediv__()' id='4469809776'&gt; is &lt;Mock id='4467356880'&gt;</failure></testcase><testcase classname="tests.unit.test_cli_additional.TestCLIModuleAdditional" name="test_show_missing_log_message_output" time="0.003" /><testcase classname="tests.unit.test_cli_additional.TestCLIModuleAdditional" name="test_logs_impl_follow" time="0.011" /><testcase classname="tests.unit.test_cli_additional.TestCLIModuleAdditional" name="test_logs_impl_with_lines" time="0.003" /><testcase classname="tests.unit.test_cli_additional.TestCLIModuleAdditional" name="test_find_log_file_all_missing" time="0.011"><failure message="AssertionError: assert &lt;MagicMock name='Path.home().__truediv__().__truediv__()' id='4471914576'&gt; is None">E   AssertionError: assert &lt;MagicMock name='Path.home().__truediv__().__truediv__()' id='4471914576'&gt; is None</failure></testcase><testcase classname="tests.unit.test_cli_additional.TestCLIModuleAdditional" name="test_follow_log_output" time="0.211" /><testcase classname="tests.unit.test_cli_additional.TestCLIModuleAdditional" name="test_show_recent_log_lines" time="0.002"><failure message="AttributeError: '_io.StringIO' object has no attribute 'open'">E   AttributeError: '_io.StringIO' object has no attribute 'open'</failure></testcase><testcase classname="tests.unit.test_cli_additional.TestCLIModuleAdditional" name="test_main_function_start_option" time="0.001" /><testcase classname="tests.unit.test_cli_additional.TestCLIModuleAdditional" name="test_main_function_stop_option" time="0.002" /><testcase classname="tests.unit.test_cli_additional.TestCLIModuleAdditional" name="test_main_function_restart_option" time="0.001" /><testcase classname="tests.unit.test_cli_additional.TestCLIModuleAdditional" name="test_main_function_status_option" time="0.002" /><testcase classname="tests.unit.test_cli_additional.TestCLIModuleAdditional" name="test_main_function_logs_option" time="0.002" /><testcase classname="tests.unit.test_config.TestSecurityConfig" name="test_default_values" time="0.002" /><testcase classname="tests.unit.test_config.TestSecurityConfig" name="test_post_init_default_lists" time="0.001" /><testcase classname="tests.unit.test_config.TestServerConfig" name="test_default_values" time="0.002" /><testcase classname="tests.unit.test_config.TestServerConfig" name="test_url_parsing" time="0.002" /><testcase classname="tests.unit.test_config.TestPerformanceConfig" name="test_default_values" time="0.001" /><testcase classname="tests.unit.test_config.TestLoggingConfig" name="test_default_values" time="0.001" /><testcase classname="tests.unit.test_config.TestLoggingConfig" name="test_post_init_sensitive_fields" time="0.001" /><testcase classname="tests.unit.test_config.TestConfig" name="test_initialization" time="0.002" /><testcase classname="tests.unit.test_config.TestConfig" name="test_environment_loading" time="0.002" /><testcase classname="tests.unit.test_config.TestConfig" name="test_validation_success" time="0.002" /><testcase classname="tests.unit.test_config.TestConfig" name="test_validation_auth_enabled_without_secret" time="0.002" /><testcase classname="tests.unit.test_config.TestConfig" name="test_validation_invalid_port" time="0.002" /><testcase classname="tests.unit.test_config.TestConfig" name="test_validation_negative_values" time="0.003" /><testcase classname="tests.unit.test_config.TestConfig" name="test_is_development_mode" time="0.003" /><testcase classname="tests.unit.test_config.TestConfig" name="test_is_production_mode" time="0.002" /><testcase classname="tests.unit.test_config.TestConfig" name="test_sensitive_data_not_exposed" time="0.002" /><testcase classname="tests.unit.test_config.TestConfig" name="test_config_immutability" time="0.002" /><testcase classname="tests.unit.test_config.TestConfig" name="test_multiple_config_instances" time="0.002" /><testcase classname="tests.unit.test_config.TestConfig" name="test_environment_variable_types" time="0.003" /><testcase classname="tests.unit.test_config_coverage" name="test_config_validation_token_expiration_positive" time="0.004" /><testcase classname="tests.unit.test_config_coverage" name="test_config_validation_token_expiration_zero" time="0.006" /><testcase classname="tests.unit.test_config_coverage" name="test_config_validation_token_expiration_negative" time="0.003" /><testcase classname="tests.unit.test_config_coverage" name="test_config_validation_health_check_timeout_positive" time="0.002" /><testcase classname="tests.unit.test_config_coverage" name="test_config_validation_health_check_timeout_zero" time="0.003" /><testcase classname="tests.unit.test_config_coverage" name="test_config_validation_health_check_timeout_negative" time="0.002" /><testcase classname="tests.unit.test_config_coverage" name="test_config_validation_websocket_batch_size_positive" time="0.002" /><testcase classname="tests.unit.test_config_coverage" name="test_config_validation_websocket_batch_size_zero" time="0.002" /><testcase classname="tests.unit.test_config_coverage" name="test_config_validation_websocket_batch_size_negative" time="0.003" /><testcase classname="tests.unit.test_coverage_improvements.TestCoverageImprovements" name="test_main_module_main_function_call" time="0.002" /><testcase classname="tests.unit.test_coverage_improvements.TestCoverageImprovements" name="test_server_module_main_function_exists" time="0.001" /><testcase classname="tests.unit.test_coverage_improvements.TestCoverageImprovements" name="test_direct_module_execution_coverage" time="0.093" /><testcase classname="tests.unit.test_element_factory.TestElementFactory" name="test_create_basic_rectangle" time="0.002" /><testcase classname="tests.unit.test_element_factory.TestElementFactory" name="test_create_text_element" time="0.002" /><testcase classname="tests.unit.test_element_factory.TestElementFactory" name="test_create_line_element" time="0.002" /><testcase classname="tests.unit.test_element_factory.TestElementFactory" name="test_element_validation_success" time="0.002" /><testcase classname="tests.unit.test_element_factory.TestElementFactory" name="test_element_validation_missing_type" time="0.003" /><testcase classname="tests.unit.test_element_factory.TestElementFactory" name="test_element_validation_invalid_type" time="0.002" /><testcase classname="tests.unit.test_element_factory.TestElementFactory" name="test_element_validation_invalid_coordinates" time="0.002" /><testcase classname="tests.unit.test_element_factory.TestElementFactory" name="test_element_validation_negative_dimensions" time="0.002" /><testcase classname="tests.unit.test_element_factory.TestElementFactory" name="test_element_validation_invalid_color" time="0.002" /><testcase classname="tests.unit.test_element_factory.TestElementFactory" name="test_element_validation_stroke_width_range" time="0.002" /><testcase classname="tests.unit.test_element_factory.TestElementFactory" name="test_element_validation_opacity_range" time="0.002" /><testcase classname="tests.unit.test_element_factory.TestElementFactory" name="test_prepare_update_data" time="0.001" /><testcase classname="tests.unit.test_element_factory.TestElementFactory" name="test_prepare_update_data_missing_id" time="0.002" /><testcase classname="tests.unit.test_element_factory.TestElementFactory" name="test_color_validation_hex" time="0.001" /><testcase classname="tests.unit.test_element_factory.TestElementFactory" name="test_optional_float_conversion" time="0.002" /><testcase classname="tests.unit.test_element_factory.TestElementFactory" name="test_element_creation_performance" time="0.122" /><testcase classname="tests.unit.test_element_factory_coverage" name="test_line_element_default_dimensions" time="0.005" /><testcase classname="tests.unit.test_element_factory_coverage" name="test_shape_elements_default_dimensions" time="0.002" /><testcase classname="tests.unit.test_element_factory_coverage" name="test_element_validation_invalid_dimension_not_number" time="0.002" /><testcase classname="tests.unit.test_element_factory_coverage" name="test_element_validation_invalid_stroke_width_not_number" time="0.004" /><testcase classname="tests.unit.test_element_factory_coverage" name="test_element_validation_invalid_opacity_not_number" time="0.002" /><testcase classname="tests.unit.test_element_factory_coverage" name="test_element_validation_invalid_roughness_not_number" time="0.003" /><testcase classname="tests.unit.test_element_factory_coverage" name="test_element_validation_invalid_font_size_not_number" time="0.009" /><testcase classname="tests.unit.test_element_factory_coverage" name="test_optional_float_conversion_invalid_values" time="0.006" /><testcase classname="tests.unit.test_element_factory_coverage" name="test_prepare_update_data_numeric_conversion" time="0.002" /><testcase classname="tests.unit.test_element_factory_coverage" name="test_prepare_update_data_with_none_values" time="0.002" /><testcase classname="tests.unit.test_element_factory_coverage" name="test_prepare_update_data_with_valid_numeric_values" time="0.002" /><testcase classname="tests.unit.test_final_coverage" name="test_cover_final_missing_lines" time="0.013" /><testcase classname="tests.unit.test_final_main_blocks" name="test_main_blocks_execute" time="17.790" /><testcase classname="tests.unit.test_health_checker.TestHealthChecker" name="test_primary_health_check_success" time="0.009" /><testcase classname="tests.unit.test_health_checker.TestHealthChecker" name="test_primary_health_check_failure" time="0.006" /><testcase classname="tests.unit.test_health_checker.TestHealthChecker" name="test_primary_health_check_exception" time="0.007" /><testcase classname="tests.unit.test_health_checker.TestHealthChecker" name="test_api_health_check_success" time="0.006"><failure message="assert 0 == 2">E   assert 0 == 2</failure></testcase><testcase classname="tests.unit.test_health_checker.TestHealthChecker" name="test_api_health_check_degraded" time="2.505" /><testcase classname="tests.unit.test_health_checker.TestHealthChecker" name="test_api_health_check_failure" time="0.004" /><testcase classname="tests.unit.test_health_checker.TestHealthChecker" name="test_combined_health_results" time="0.003" /><testcase classname="tests.unit.test_health_checker.TestHealthChecker" name="test_resource_monitoring_success" time="0.006" /><testcase classname="tests.unit.test_health_checker.TestHealthChecker" name="test_resource_monitoring_threshold_exceeded" time="0.005" /><testcase classname="tests.unit.test_health_checker.TestHealthChecker" name="test_resource_monitoring_no_process" time="0.005" /><testcase classname="tests.unit.test_health_checker.TestHealthChecker" name="test_resource_monitoring_process_not_found" time="0.006"><failure message="NameError: name 'psutil' is not defined">E   NameError: name 'psutil' is not defined</failure></testcase><testcase classname="tests.unit.test_health_checker.TestHealthChecker" name="test_comprehensive_health_check" time="0.008" /><testcase classname="tests.unit.test_health_checker.TestHealthChecker" name="test_health_state_tracking" time="0.005" /><testcase classname="tests.unit.test_health_checker.TestHealthChecker" name="test_response_time_tracking" time="0.006" /><testcase classname="tests.unit.test_health_checker.TestHealthChecker" name="test_health_summary" time="0.004" /><testcase classname="tests.unit.test_health_checker.TestHealthChecker" name="test_reset_failure_count" time="0.005" /><testcase classname="tests.unit.test_http_client_coverage.TestHttpClientCoverage" name="test_health_check_force_bypasses_cache" time="0.049" /><testcase classname="tests.unit.test_http_client_coverage.TestHttpClientCoverage" name="test_health_check_double_check_after_lock" time="0.053" /><testcase classname="tests.unit.test_http_client_coverage.TestHttpClientCoverage" name="test_post_json_retry_logic" time="1.171" /><testcase classname="tests.unit.test_http_client_coverage.TestHttpClientCoverage" name="test_post_json_all_retries_fail" time="3.261" /><testcase classname="tests.unit.test_http_client_coverage.TestHttpClientCoverage" name="test_post_json_non_success_status_codes_still_retry" time="3.063" /><testcase classname="tests.unit.test_http_client_coverage.TestHttpClientCoverage" name="test_put_json_failure" time="0.035" /><testcase classname="tests.unit.test_http_client_coverage.TestHttpClientCoverage" name="test_put_json_exception" time="0.034" /><testcase classname="tests.unit.test_http_client_coverage.TestHttpClientCoverage" name="test_get_json_failure" time="0.033" /><testcase classname="tests.unit.test_http_client_coverage.TestHttpClientCoverage" name="test_get_json_exception" time="0.048" /><testcase classname="tests.unit.test_http_client_coverage.TestHttpClientCoverage" name="test_delete_exception" time="0.085" /><testcase classname="tests.unit.test_main.test_main.TestMainModule" name="test_main_module_imports_successfully" time="0.002" /><testcase classname="tests.unit.test_main.test_main.TestMainModule" name="test_module_has_correct_docstring" time="0.002" /><testcase classname="tests.unit.test_main.test_main.TestMainModule" name="test_module_has_main_block" time="0.001" /><testcase classname="tests.unit.test_main.test_main.TestMainModule" name="test_main_function_exists" time="0.016" /><testcase classname="tests.unit.test_main_blocks" name="test_main_blocks_execute" time="0.411" /><testcase classname="tests.unit.test_main_module.TestMainModule" name="test_excalidraw_config" time="0.002" /><testcase classname="tests.unit.test_main_module.TestMainModule" name="test_excalidraw_mcp_server_init" time="0.004" /><testcase classname="tests.unit.test_main_module.TestMainModule" name="test_excalidraw_mcp_server_startup" time="0.002"><failure message="Failed: async def functions are not natively supported.&#10;You need to install a suitable plugin for your async framework, for example:&#10;  - anyio&#10;  - pytest-asyncio&#10;  - pytest-tornasync&#10;  - pytest-trio&#10;  - pytest-twisted">async def functions are not natively supported.
You need to install a suitable plugin for your async framework, for example:
  - anyio
  - pytest-asyncio
  - pytest-tornasync
  - pytest-trio
  - pytest-twisted</failure></testcase><testcase classname="tests.unit.test_main_module.TestMainModule" name="test_excalidraw_mcp_server_shutdown" time="0.012"><failure message="Failed: async def functions are not natively supported.&#10;You need to install a suitable plugin for your async framework, for example:&#10;  - anyio&#10;  - pytest-asyncio&#10;  - pytest-tornasync&#10;  - pytest-trio&#10;  - pytest-twisted">async def functions are not natively supported.
You need to install a suitable plugin for your async framework, for example:
  - anyio
  - pytest-asyncio
  - pytest-tornasync
  - pytest-trio
  - pytest-twisted</failure></testcase><testcase classname="tests.unit.test_main_module.TestMainModule" name="test_excalidraw_mcp_server_get_timestamp" time="0.003" /><testcase classname="tests.unit.test_main_module.TestMainModule" name="test_excalidraw_mcp_server_health_check" time="0.001"><failure message="Failed: async def functions are not natively supported.&#10;You need to install a suitable plugin for your async framework, for example:&#10;  - anyio&#10;  - pytest-asyncio&#10;  - pytest-tornasync&#10;  - pytest-trio&#10;  - pytest-twisted">async def functions are not natively supported.
You need to install a suitable plugin for your async framework, for example:
  - anyio
  - pytest-asyncio
  - pytest-tornasync
  - pytest-trio
  - pytest-twisted</failure></testcase><testcase classname="tests.unit.test_main_module.TestMainModule" name="test_excalidraw_mcp_server_get_app" time="0.003" /><testcase classname="tests.unit.test_main_module.TestMainModule" name="test_main_function" time="0.004"><failure message="AssertionError: Expected 'mock' to have been called once. Called 0 times.">E   AssertionError: Expected 'mock' to have been called once. Called 0 times.

During handling of the above exception, another exception occurred:
E   AssertionError: Expected 'mock' to have been called once. Called 0 times.</failure></testcase><testcase classname="tests.unit.test_mcp_tools_coverage.TestMCPToolsCoverage" name="test_update_element_failure" time="0.017" /><testcase classname="tests.unit.test_mcp_tools_coverage.TestMCPToolsCoverage" name="test_update_element_exception" time="0.011" /><testcase classname="tests.unit.test_mcp_tools_coverage.TestMCPToolsCoverage" name="test_delete_element_failure" time="0.010" /><testcase classname="tests.unit.test_mcp_tools_coverage.TestMCPToolsCoverage" name="test_delete_element_exception" time="0.009" /><testcase classname="tests.unit.test_mcp_tools_coverage.TestMCPToolsCoverage" name="test_query_elements_failure" time="0.012" /><testcase classname="tests.unit.test_mcp_tools_coverage.TestMCPToolsCoverage" name="test_query_elements_exception" time="0.010" /><testcase classname="tests.unit.test_mcp_tools_coverage.TestMCPToolsCoverage" name="test_batch_create_elements_no_elements" time="0.015" /><testcase classname="tests.unit.test_mcp_tools_coverage.TestMCPToolsCoverage" name="test_batch_create_elements_too_many_elements" time="0.011" /><testcase classname="tests.unit.test_mcp_tools_coverage.TestMCPToolsCoverage" name="test_batch_create_elements_sync_failure" time="0.015" /><testcase classname="tests.unit.test_mcp_tools_coverage.TestMCPToolsCoverage" name="test_batch_create_elements_exception" time="0.011" /><testcase classname="tests.unit.test_mcp_tools_coverage.TestMCPToolsCoverage" name="test_group_elements_too_few_elements" time="0.011" /><testcase classname="tests.unit.test_mcp_tools_coverage.TestMCPToolsCoverage" name="test_group_elements_sync_failure" time="0.008" /><testcase classname="tests.unit.test_mcp_tools_coverage.TestMCPToolsCoverage" name="test_group_elements_exception" time="0.015" /><testcase classname="tests.unit.test_mcp_tools_coverage.TestMCPToolsCoverage" name="test_ungroup_elements_sync_failure" time="0.012" /><testcase classname="tests.unit.test_mcp_tools_coverage.TestMCPToolsCoverage" name="test_ungroup_elements_exception" time="0.009" /><testcase classname="tests.unit.test_mcp_tools_coverage.TestMCPToolsCoverage" name="test_align_elements_missing_data" time="0.020" /><testcase classname="tests.unit.test_mcp_tools_coverage.TestMCPToolsCoverage" name="test_align_elements_sync_failure" time="0.030" /><testcase classname="tests.unit.test_mcp_tools_coverage.TestMCPToolsCoverage" name="test_align_elements_exception" time="0.018" /><testcase classname="tests.unit.test_mcp_tools_coverage.TestMCPToolsCoverage" name="test_distribute_elements_missing_data" time="0.015" /><testcase classname="tests.unit.test_mcp_tools_coverage.TestMCPToolsCoverage" name="test_distribute_elements_sync_failure" time="0.017" /><testcase classname="tests.unit.test_mcp_tools_coverage.TestMCPToolsCoverage" name="test_distribute_elements_exception" time="0.035" /><testcase classname="tests.unit.test_mcp_tools_coverage.TestMCPToolsCoverage" name="test_lock_elements_sync_failure" time="0.048" /><testcase classname="tests.unit.test_mcp_tools_coverage.TestMCPToolsCoverage" name="test_lock_elements_exception" time="0.031" /><testcase classname="tests.unit.test_mcp_tools_coverage.TestMCPToolsCoverage" name="test_unlock_elements_sync_failure" time="0.016" /><testcase classname="tests.unit.test_mcp_tools_coverage.TestMCPToolsCoverage" name="test_unlock_elements_exception" time="0.021" /><testcase classname="tests.unit.test_mcp_tools_coverage.TestMCPToolsCoverage" name="test_get_resource_invalid_type" time="0.015" /><testcase classname="tests.unit.test_mcp_tools_coverage.TestMCPToolsCoverage" name="test_get_resource_sync_failure" time="0.010" /><testcase classname="tests.unit.test_mcp_tools_coverage.TestMCPToolsCoverage" name="test_get_resource_exception" time="0.009" /><testcase classname="tests.unit.test_mcp_tools_unit.TestMCPToolsUnit" name="test_initialization_registers_tools" time="0.005" /><testcase classname="tests.unit.test_mcp_tools_unit.TestMCPToolsUnit" name="test_register_tools_calls_tool_method" time="0.036" /><testcase classname="tests.unit.test_mcp_tools_unit.TestMCPToolsUnit" name="test_ensure_canvas_available_success" time="0.012" /><testcase classname="tests.unit.test_mcp_tools_unit.TestMCPToolsUnit" name="test_ensure_canvas_available_failure" time="0.011" /><testcase classname="tests.unit.test_mcp_tools_unit.TestMCPToolsUnit" name="test_sync_to_canvas_create_operation" time="0.010" /><testcase classname="tests.unit.test_mcp_tools_unit.TestMCPToolsUnit" name="test_sync_to_canvas_update_operation" time="0.010" /><testcase classname="tests.unit.test_mcp_tools_unit.TestMCPToolsUnit" name="test_sync_to_canvas_delete_operation" time="0.009" /><testcase classname="tests.unit.test_mcp_tools_unit.TestMCPToolsUnit" name="test_sync_to_canvas_query_operation" time="0.009" /><testcase classname="tests.unit.test_mcp_tools_unit.TestMCPToolsUnit" name="test_sync_to_canvas_unknown_operation" time="0.010" /><testcase classname="tests.unit.test_mcp_tools_unit.TestMCPToolsUnit" name="test_sync_to_canvas_exception_handling" time="0.015" /><testcase classname="tests.unit.test_mcp_tools_unit.TestMCPToolsUnit" name="test_create_element_success" time="0.013" /><testcase classname="tests.unit.test_mcp_tools_unit.TestMCPToolsUnit" name="test_create_element_sync_failure" time="0.011" /><testcase classname="tests.unit.test_mcp_tools_unit.TestMCPToolsUnit" name="test_create_element_factory_exception" time="0.029" /><testcase classname="tests.unit.test_mcp_tools_unit.TestMCPToolsUnit" name="test_update_element_success" time="0.031" /><testcase classname="tests.unit.test_mcp_tools_unit.TestMCPToolsUnit" name="test_delete_element_success" time="0.022" /><testcase classname="tests.unit.test_mcp_tools_unit.TestMCPToolsUnit" name="test_query_elements_success" time="0.013" /><testcase classname="tests.unit.test_mcp_tools_unit.TestMCPToolsUnit" name="test_batch_create_elements_success" time="0.015" /><testcase classname="tests.unit.test_mcp_tools_unit.TestMCPToolsUnit" name="test_group_elements_success" time="0.013" /><testcase classname="tests.unit.test_mcp_tools_unit.TestMCPToolsUnit" name="test_ungroup_elements_success" time="0.009" /><testcase classname="tests.unit.test_mcp_tools_unit.TestMCPToolsUnit" name="test_align_elements_success" time="0.018" /><testcase classname="tests.unit.test_mcp_tools_unit.TestMCPToolsUnit" name="test_distribute_elements_success" time="0.013" /><testcase classname="tests.unit.test_mcp_tools_unit.TestMCPToolsUnit" name="test_lock_elements_success" time="0.008" /><testcase classname="tests.unit.test_mcp_tools_unit.TestMCPToolsUnit" name="test_unlock_elements_success" time="0.010" /><testcase classname="tests.unit.test_mcp_tools_unit.TestMCPToolsUnit" name="test_get_resource_success" time="0.008" /><testcase classname="tests.unit.test_mcp_tools_unit.TestMCPToolsUnit" name="test_get_resource_invalid_type" time="0.007" /><testcase classname="tests.unit.test_metrics.TestMetricsModule" name="test_metric_point_dataclass" time="0.001" /><testcase classname="tests.unit.test_metrics.TestMetricsModule" name="test_counter_class" time="0.001" /><testcase classname="tests.unit.test_metrics.TestMetricsModule" name="test_gauge_class" time="0.002" /><testcase classname="tests.unit.test_metrics.TestMetricsModule" name="test_histogram_class" time="0.004" /><testcase classname="tests.unit.test_metrics.TestMetricsModule" name="test_metrics_collector_initialization" time="0.003" /><testcase classname="tests.unit.test_metrics.TestMetricsModule" name="test_register_metrics" time="0.005" /><testcase classname="tests.unit.test_metrics.TestMetricsModule" name="test_increment_counter" time="0.004" /><testcase classname="tests.unit.test_metrics.TestMetricsModule" name="test_set_gauge" time="0.004" /><testcase classname="tests.unit.test_metrics.TestMetricsModule" name="test_observe_histogram" time="0.002" /><testcase classname="tests.unit.test_metrics.TestMetricsModule" name="test_collect_system_metrics" time="0.001"><failure message="Failed: async def functions are not natively supported.&#10;You need to install a suitable plugin for your async framework, for example:&#10;  - anyio&#10;  - pytest-asyncio&#10;  - pytest-tornasync&#10;  - pytest-trio&#10;  - pytest-twisted">async def functions are not natively supported.
You need to install a suitable plugin for your async framework, for example:
  - anyio
  - pytest-asyncio
  - pytest-tornasync
  - pytest-trio
  - pytest-twisted</failure></testcase><testcase classname="tests.unit.test_metrics.TestMetricsModule" name="test_collect_canvas_metrics" time="0.002"><failure message="Failed: async def functions are not natively supported.&#10;You need to install a suitable plugin for your async framework, for example:&#10;  - anyio&#10;  - pytest-asyncio&#10;  - pytest-tornasync&#10;  - pytest-trio&#10;  - pytest-twisted">async def functions are not natively supported.
You need to install a suitable plugin for your async framework, for example:
  - anyio
  - pytest-asyncio
  - pytest-tornasync
  - pytest-trio
  - pytest-twisted</failure></testcase><testcase classname="tests.unit.test_metrics.TestMetricsModule" name="test_get_all_metrics" time="0.013" /><testcase classname="tests.unit.test_metrics.TestMetricsModule" name="test_get_prometheus_format" time="0.006" /><testcase classname="tests.unit.test_metrics.TestMetricsModule" name="test_reset_all_metrics" time="0.005" /><testcase classname="tests.unit.test_metrics.TestMetricsModule" name="test_get_metric_history" time="0.002" /><testcase classname="tests.unit.test_metrics.TestMetricsModule" name="test_start_and_stop_collection" time="0.002"><failure message="Failed: async def functions are not natively supported.&#10;You need to install a suitable plugin for your async framework, for example:&#10;  - anyio&#10;  - pytest-asyncio&#10;  - pytest-tornasync&#10;  - pytest-trio&#10;  - pytest-twisted">async def functions are not natively supported.
You need to install a suitable plugin for your async framework, for example:
  - anyio
  - pytest-asyncio
  - pytest-tornasync
  - pytest-trio
  - pytest-twisted</failure></testcase><testcase classname="tests.unit.test_metrics.TestMetricsModule" name="test_collection_loop" time="0.001"><failure message="Failed: async def functions are not natively supported.&#10;You need to install a suitable plugin for your async framework, for example:&#10;  - anyio&#10;  - pytest-asyncio&#10;  - pytest-tornasync&#10;  - pytest-trio&#10;  - pytest-twisted">async def functions are not natively supported.
You need to install a suitable plugin for your async framework, for example:
  - anyio
  - pytest-asyncio
  - pytest-tornasync
  - pytest-trio
  - pytest-twisted</failure></testcase><testcase classname="tests.unit.test_monitoring_supervisor.TestMonitoringSupervisor" name="test_supervisor_start_stop" time="0.005" /><testcase classname="tests.unit.test_monitoring_supervisor.TestMonitoringSupervisor" name="test_supervisor_disabled_monitoring" time="0.004" /><testcase classname="tests.unit.test_monitoring_supervisor.TestMonitoringSupervisor" name="test_health_check_success" time="0.006" /><testcase classname="tests.unit.test_monitoring_supervisor.TestMonitoringSupervisor" name="test_health_check_failure" time="0.007" /><testcase classname="tests.unit.test_monitoring_supervisor.TestMonitoringSupervisor" name="test_automatic_restart_trigger" time="0.006" /><testcase classname="tests.unit.test_monitoring_supervisor.TestMonitoringSupervisor" name="test_restart_success" time="0.007" /><testcase classname="tests.unit.test_monitoring_supervisor.TestMonitoringSupervisor" name="test_restart_failure" time="5.684"><failure message="AssertionError: Expected 'restart' to have been called once. Called 3 times.&#10;Calls: [call(), call(), call()].">E   AssertionError: Expected 'restart' to have been called once. Called 3 times.
    Calls: [call(), call(), call()].

During handling of the above exception, another exception occurred:
E   AssertionError: Expected 'restart' to have been called once. Called 3 times.
    Calls: [call(), call(), call()].</failure></testcase><testcase classname="tests.unit.test_monitoring_supervisor.TestMonitoringSupervisor" name="test_metrics_collection" time="0.004" /><testcase classname="tests.unit.test_monitoring_supervisor.TestMonitoringSupervisor" name="test_force_health_check" time="0.005" /><testcase classname="tests.unit.test_monitoring_supervisor.TestMonitoringSupervisor" name="test_manual_restart_trigger" time="0.004" /><testcase classname="tests.unit.test_monitoring_supervisor.TestMonitoringSupervisor" name="test_circuit_breaker_reset" time="0.004"><failure message="TypeError: a coroutine was expected, got &lt;Mock name='mock()' id='4469811456'&gt;">E   TypeError: a coroutine was expected, got &lt;Mock name='mock()' id='4469811456'&gt;</failure></testcase><testcase classname="tests.unit.test_monitoring_supervisor.TestMonitoringSupervisor" name="test_monitoring_status" time="0.005" /><testcase classname="tests.unit.test_monitoring_supervisor.TestMonitoringSupervisor" name="test_callback_management" time="0.008" /><testcase classname="tests.unit.test_monitoring_supervisor.TestMonitoringSupervisor" name="test_monitoring_loop_exception_handling" time="0.113"><failure message="AssertionError: Expected 'mock' to have been called.">E   AssertionError: Expected 'mock' to have been called.

During handling of the above exception, another exception occurred:
E   AssertionError: Expected 'mock' to have been called.</failure></testcase><testcase classname="tests.unit.test_monitoring_supervisor.TestMonitoringSupervisor" name="test_get_metrics_and_alerts" time="0.004" /><testcase classname="tests.unit.test_process_manager.TestCanvasProcessManager" name="test_process_manager_initialization" time="0.001" /><testcase classname="tests.unit.test_process_manager.TestCanvasProcessManager" name="test_reset_process_info" time="0.001" /><testcase classname="tests.unit.test_process_manager.TestCanvasProcessManager" name="test_get_project_root" time="0.002" /><testcase classname="tests.unit.test_process_manager.TestCanvasProcessManager" name="test_signal_handler" time="0.005" /><testcase classname="tests.unit.test_process_manager.TestCanvasProcessManager" name="test_cleanup" time="0.003" /><testcase classname="tests.unit.test_process_manager.TestCanvasProcessManager" name="test_restart" time="0.006" /><testcase classname="tests.unit.test_process_manager.TestCanvasProcessManager" name="test_stop" time="0.005" /><testcase classname="tests.unit.test_process_manager.TestCanvasProcessManager" name="test_get_status" time="0.002" /><testcase classname="tests.unit.test_process_manager.TestCanvasProcessManager" name="test_is_process_running_no_process" time="0.002" /><testcase classname="tests.unit.test_process_manager.TestCanvasProcessManager" name="test_is_process_running_process_exited" time="0.003" /><testcase classname="tests.unit.test_process_manager.TestCanvasProcessManager" name="test_is_process_running_pid_does_not_exist" time="0.002" /><testcase classname="tests.unit.test_process_manager.TestCanvasProcessManager" name="test_is_process_running_exception_handling" time="0.003" /><testcase classname="tests.unit.test_process_manager.TestCanvasProcessManager" name="test_terminate_existing_process_no_pid" time="0.002" /><testcase classname="tests.unit.test_process_manager.TestCanvasProcessManager" name="test_terminate_existing_process_successful_termination" time="0.003" /><testcase classname="tests.unit.test_process_manager.TestCanvasProcessManager" name="test_terminate_existing_process_already_terminated" time="0.004" /><testcase classname="tests.unit.test_process_manager.TestCanvasProcessManager" name="test_terminate_existing_process_other_exception" time="0.003" /><testcase classname="tests.unit.test_process_manager_coverage.TestProcessManagerCoverage" name="test_ensure_running_auto_start_disabled" time="0.006" /><testcase classname="tests.unit.test_process_manager_coverage.TestProcessManagerCoverage" name="test_ensure_running_start_process_failure" time="0.006" /><testcase classname="tests.unit.test_process_manager_coverage.TestProcessManagerCoverage" name="test_ensure_running_wait_for_health_failure" time="0.008" /><testcase classname="tests.unit.test_process_manager_coverage.TestProcessManagerCoverage" name="test_start_process_exception" time="0.007" /><testcase classname="tests.unit.test_process_manager_coverage.TestProcessManagerCoverage" name="test_start_process_success" time="0.006" /><testcase classname="tests.unit.test_process_manager_coverage.TestProcessManagerCoverage" name="test_wait_for_health_timeout" time="0.014"><failure message="AssertionError: expected call not found.&#10;Expected: error('Canvas server failed to become healthy within timeout')&#10;  Actual: error(&quot;Canvas server failed to become healthy: '&lt;' not supported between instances of 'float' and 'MagicMock'&quot;)&#10;&#10;pytest introspection follows:&#10;&#10;Args:&#10;assert (&quot;Canvas serv...'MagicMock'&quot;,) == ('Canvas serv...hin timeout',)&#10;  &#10;  At index 0 diff: &quot;Canvas server failed to become healthy: '&lt;' not supported between instances of 'float' and 'MagicMock'&quot; != 'Canvas server failed to become healthy within timeout'&#10;  Use -v to get more diff">E   AssertionError: expected call not found.
    Expected: error('Canvas server failed to become healthy within timeout')
      Actual: error("Canvas server failed to become healthy: '&lt;' not supported between instances of 'float' and 'MagicMock'")

During handling of the above exception, another exception occurred:
E   AssertionError: expected call not found.
    Expected: error('Canvas server failed to become healthy within timeout')
      Actual: error("Canvas server failed to become healthy: '&lt;' not supported between instances of 'float' and 'MagicMock'")
    
    pytest introspection follows:
    
    Args:
    assert ("Canvas serv...'MagicMock'",) == ('Canvas serv...hin timeout',)
      
      At index 0 diff: "Canvas server failed to become healthy: '&lt;' not supported between instances of 'float' and 'MagicMock'" != 'Canvas server failed to become healthy within timeout'
      Use -v to get more diff

During handling of the above exception, another exception occurred:
E   AssertionError: expected call not found.
    Expected: error('Canvas server failed to become healthy within timeout')
      Actual: error("Canvas server failed to become healthy: '&lt;' not supported between instances of 'float' and 'MagicMock'")
    
    pytest introspection follows:
    
    Args:
    assert ("Canvas serv...'MagicMock'",) == ('Canvas serv...hin timeout',)
      
      At index 0 diff: "Canvas server failed to become healthy: '&lt;' not supported between instances of 'float' and 'MagicMock'" != 'Canvas server failed to become healthy within timeout'
      Use -v to get more diff</failure></testcase><testcase classname="tests.unit.test_process_manager_coverage.TestProcessManagerCoverage" name="test_wait_for_health_process_dies" time="0.566"><failure message="assert True is False">E   assert True is False</failure></testcase><testcase classname="tests.unit.test_process_manager_coverage.TestProcessManagerCoverage" name="test_wait_for_health_success" time="0.007" /><testcase classname="tests.unit.test_process_manager_coverage.TestProcessManagerCoverage" name="test_is_process_healthy_success" time="0.005" /><testcase classname="tests.unit.test_process_manager_coverage.TestProcessManagerCoverage" name="test_is_process_healthy_unhealthy" time="0.007" /><testcase classname="tests.unit.test_process_manager_coverage.TestProcessManagerCoverage" name="test_is_process_healthy_not_running" time="0.004" /><testcase classname="tests.unit.test_process_manager_coverage.TestProcessManagerCoverage" name="test_terminate_existing_process_force_kill" time="0.008" /><testcase classname="tests.unit.test_process_manager_coverage.TestProcessManagerCoverage" name="test_terminate_existing_process_windows" time="0.007" /><testcase classname="tests.unit.test_retry_utils.TestRetryUtils" name="test_calculate_delay_no_jitter" time="0.030" /><testcase classname="tests.unit.test_retry_utils.TestRetryUtils" name="test_calculate_delay_with_jitter" time="0.012" /><testcase classname="tests.unit.test_retry_utils.TestRetryUtils" name="test_retry_async_eventual_success" time="3.022" /><testcase classname="tests.unit.test_retry_utils.TestRetryUtils" name="test_retry_async_max_attempts_exceeded" time="3.017" /><testcase classname="tests.unit.test_retry_utils.TestRetryUtils" name="test_retry_async_selective_retry" time="1.012" /><testcase classname="tests.unit.test_retry_utils.TestRetryUtils" name="test_retry_async_success" time="0.008" /><testcase classname="tests.unit.test_retry_utils.TestRetryUtils" name="test_retry_async_with_callback" time="1.012" /><testcase classname="tests.unit.test_retry_utils.TestRetryUtils" name="test_retry_decorator_async" time="3.035" /><testcase classname="tests.unit.test_retry_utils.TestRetryUtils" name="test_retry_decorator_sync" time="3.017" /><testcase classname="tests.unit.test_retry_utils.TestRetryUtils" name="test_retry_sync_eventual_success" time="3.013" /><testcase classname="tests.unit.test_retry_utils.TestRetryUtils" name="test_retry_sync_max_attempts_exceeded" time="3.015" /><testcase classname="tests.unit.test_retry_utils.TestRetryUtils" name="test_retry_sync_success" time="0.007" /><testcase classname="tests.unit.test_retry_utils.TestRetryUtils" name="test_retry_sync_with_callback" time="1.010" /><testcase classname="tests.unit.test_server.TestServerModule" name="test_get_process_manager" time="0.002" /><testcase classname="tests.unit.test_server.TestServerModule" name="test_get_monitoring_supervisor" time="0.001" /><testcase classname="tests.unit.test_server.TestServerModule" name="test_main_with_serverpanels" time="0.002"><failure message="AttributeError: &lt;module 'excalidraw_mcp.server' from '/Users/les/Projects/excalidraw-mcp/excalidraw_mcp/server.py'&gt; does not have the attribute 'ServerPanels'">E   AttributeError: &lt;module 'excalidraw_mcp.server' from '/Users/les/Projects/excalidraw-mcp/excalidraw_mcp/server.py'&gt; does not have the attribute 'ServerPanels'</failure></testcase><testcase classname="tests.unit.test_server.TestServerModule" name="test_main_without_serverpanels" time="0.006" /><testcase classname="tests.unit.test_server.TestServerModule" name="test_main_keyboard_interrupt" time="0.001"><error message="failed on setup with &quot;file /Users/les/Projects/excalidraw-mcp/tests/unit/test_server.py, line 94&#10;      @patch(&quot;excalidraw_mcp.server.logger&quot;)&#10;      @patch(&quot;excalidraw_mcp.server.init_background_services&quot;)&#10;      @patch(&quot;excalidraw_mcp.server.mcp&quot;)&#10;      @patch(&quot;excalidraw_mcp.server.SERVERPANELS_AVAILABLE&quot;, True)&#10;      def test_main_keyboard_interrupt(self, mock_mcp, mock_init, mock_logger, mock_serverpanels):&#10;E       fixture 'mock_serverpanels' not found&#10;&gt;       available fixtures: _class_scoped_runner, _function_scoped_runner, _module_scoped_runner, _package_scoped_runner, _session_scoped_runner, anyio_backend, anyio_backend_name, anyio_backend_options, async_client, batch_element_data, benchmark, benchmark_weave, cache, capfd, capfdbinary, caplog, capsys, capsysbinary, capteesys, class_mocker, cov, delta_compression_test_data, doctest_namespace, element_factory, environment_variables, event_loop, event_loop_policy, free_tcp_port, free_tcp_port_factory, free_udp_port, free_udp_port_factory, integration_test_server, mock_canvas_server, mock_http_client, mock_subprocess, mocker, module_mocker, monkeypatch, no_cover, package_mocker, performance_monitor, pytestconfig, rate_limiter_mock, record_property, record_testsuite_property, record_xml_attribute, recwarn, respx_mock, sample_element_data, sample_server_element, security_test_data, session_mocker, setup_test_environment, subtests, test_config, testrun_uid, tmp_path, tmp_path_factory, tmpdir, tmpdir_factory, unused_tcp_port, unused_tcp_port_factory, unused_udp_port, unused_udp_port_factory, websocket_mock, worker_id&#10;&gt;       use 'pytest --fixtures [testpath]' for help on them.&#10;&#10;/Users/les/Projects/excalidraw-mcp/tests/unit/test_server.py:94&quot;">file /Users/les/Projects/excalidraw-mcp/tests/unit/test_server.py, line 94
      @patch("excalidraw_mcp.server.logger")
      @patch("excalidraw_mcp.server.init_background_services")
      @patch("excalidraw_mcp.server.mcp")
      @patch("excalidraw_mcp.server.SERVERPANELS_AVAILABLE", True)
      def test_main_keyboard_interrupt(self, mock_mcp, mock_init, mock_logger, mock_serverpanels):
E       fixture 'mock_serverpanels' not found
&gt;       available fixtures: _class_scoped_runner, _function_scoped_runner, _module_scoped_runner, _package_scoped_runner, _session_scoped_runner, anyio_backend, anyio_backend_name, anyio_backend_options, async_client, batch_element_data, benchmark, benchmark_weave, cache, capfd, capfdbinary, caplog, capsys, capsysbinary, capteesys, class_mocker, cov, delta_compression_test_data, doctest_namespace, element_factory, environment_variables, event_loop, event_loop_policy, free_tcp_port, free_tcp_port_factory, free_udp_port, free_udp_port_factory, integration_test_server, mock_canvas_server, mock_http_client, mock_subprocess, mocker, module_mocker, monkeypatch, no_cover, package_mocker, performance_monitor, pytestconfig, rate_limiter_mock, record_property, record_testsuite_property, record_xml_attribute, recwarn, respx_mock, sample_element_data, sample_server_element, security_test_data, session_mocker, setup_test_environment, subtests, test_config, testrun_uid, tmp_path, tmp_path_factory, tmpdir, tmpdir_factory, unused_tcp_port, unused_tcp_port_factory, unused_udp_port, unused_udp_port_factory, websocket_mock, worker_id
&gt;       use 'pytest --fixtures [testpath]' for help on them.

/Users/les/Projects/excalidraw-mcp/tests/unit/test_server.py:94</error></testcase><testcase classname="tests.unit.test_server.TestServerModule" name="test_main_exception" time="0.001"><error message="failed on setup with &quot;file /Users/les/Projects/excalidraw-mcp/tests/unit/test_server.py, line 109&#10;      @patch(&quot;excalidraw_mcp.server.logger&quot;)&#10;      @patch(&quot;excalidraw_mcp.server.init_background_services&quot;)&#10;      @patch(&quot;excalidraw_mcp.server.mcp&quot;)&#10;      @patch(&quot;excalidraw_mcp.server.SERVERPANELS_AVAILABLE&quot;, True)&#10;      def test_main_exception(self, mock_mcp, mock_init, mock_logger, mock_serverpanels):&#10;E       fixture 'mock_serverpanels' not found&#10;&gt;       available fixtures: _class_scoped_runner, _function_scoped_runner, _module_scoped_runner, _package_scoped_runner, _session_scoped_runner, anyio_backend, anyio_backend_name, anyio_backend_options, async_client, batch_element_data, benchmark, benchmark_weave, cache, capfd, capfdbinary, caplog, capsys, capsysbinary, capteesys, class_mocker, cov, delta_compression_test_data, doctest_namespace, element_factory, environment_variables, event_loop, event_loop_policy, free_tcp_port, free_tcp_port_factory, free_udp_port, free_udp_port_factory, integration_test_server, mock_canvas_server, mock_http_client, mock_subprocess, mocker, module_mocker, monkeypatch, no_cover, package_mocker, performance_monitor, pytestconfig, rate_limiter_mock, record_property, record_testsuite_property, record_xml_attribute, recwarn, respx_mock, sample_element_data, sample_server_element, security_test_data, session_mocker, setup_test_environment, subtests, test_config, testrun_uid, tmp_path, tmp_path_factory, tmpdir, tmpdir_factory, unused_tcp_port, unused_tcp_port_factory, unused_udp_port, unused_udp_port_factory, websocket_mock, worker_id&#10;&gt;       use 'pytest --fixtures [testpath]' for help on them.&#10;&#10;/Users/les/Projects/excalidraw-mcp/tests/unit/test_server.py:109&quot;">file /Users/les/Projects/excalidraw-mcp/tests/unit/test_server.py, line 109
      @patch("excalidraw_mcp.server.logger")
      @patch("excalidraw_mcp.server.init_background_services")
      @patch("excalidraw_mcp.server.mcp")
      @patch("excalidraw_mcp.server.SERVERPANELS_AVAILABLE", True)
      def test_main_exception(self, mock_mcp, mock_init, mock_logger, mock_serverpanels):
E       fixture 'mock_serverpanels' not found
&gt;       available fixtures: _class_scoped_runner, _function_scoped_runner, _module_scoped_runner, _package_scoped_runner, _session_scoped_runner, anyio_backend, anyio_backend_name, anyio_backend_options, async_client, batch_element_data, benchmark, benchmark_weave, cache, capfd, capfdbinary, caplog, capsys, capsysbinary, capteesys, class_mocker, cov, delta_compression_test_data, doctest_namespace, element_factory, environment_variables, event_loop, event_loop_policy, free_tcp_port, free_tcp_port_factory, free_udp_port, free_udp_port_factory, integration_test_server, mock_canvas_server, mock_http_client, mock_subprocess, mocker, module_mocker, monkeypatch, no_cover, package_mocker, performance_monitor, pytestconfig, rate_limiter_mock, record_property, record_testsuite_property, record_xml_attribute, recwarn, respx_mock, sample_element_data, sample_server_element, security_test_data, session_mocker, setup_test_environment, subtests, test_config, testrun_uid, tmp_path, tmp_path_factory, tmpdir, tmpdir_factory, unused_tcp_port, unused_tcp_port_factory, unused_udp_port, unused_udp_port_factory, websocket_mock, worker_id
&gt;       use 'pytest --fixtures [testpath]' for help on them.

/Users/les/Projects/excalidraw-mcp/tests/unit/test_server.py:109</error></testcase><testcase classname="tests.unit.test_server.TestServerModule" name="test_init_background_services_canvas_not_running" time="0.001"><failure message="AttributeError: &lt;module 'excalidraw_mcp.server' from '/Users/les/Projects/excalidraw-mcp/excalidraw_mcp/server.py'&gt; does not have the attribute 'Path'">E   AttributeError: &lt;module 'excalidraw_mcp.server' from '/Users/les/Projects/excalidraw-mcp/excalidraw_mcp/server.py'&gt; does not have the attribute 'Path'</failure></testcase><testcase classname="tests.unit.test_server.TestServerModule" name="test_init_background_services_canvas_already_running" time="0.002"><failure message="AttributeError: &lt;module 'excalidraw_mcp.server' from '/Users/les/Projects/excalidraw-mcp/excalidraw_mcp/server.py'&gt; does not have the attribute 'requests'">E   AttributeError: &lt;module 'excalidraw_mcp.server' from '/Users/les/Projects/excalidraw-mcp/excalidraw_mcp/server.py'&gt; does not have the attribute 'requests'</failure></testcase><testcase classname="tests.unit.test_server.TestServerModule" name="test_cleanup_monitoring_running" time="0.004" /><testcase classname="tests.unit.test_server.TestServerModule" name="test_cleanup_monitoring_not_running" time="0.002" /><testcase classname="tests.unit.test_server_additional.TestServerModuleAdditional" name="test_get_process_manager_caching" time="0.001" /><testcase classname="tests.unit.test_server_additional.TestServerModuleAdditional" name="test_get_monitoring_supervisor_caching" time="0.001" /><testcase classname="tests.unit.test_server_additional.TestServerModuleAdditional" name="test_main_with_serverpanels_enabled" time="0.002"><failure message="AttributeError: &lt;module 'excalidraw_mcp.server' from '/Users/les/Projects/excalidraw-mcp/excalidraw_mcp/server.py'&gt; does not have the attribute 'ServerPanels'">E   AttributeError: &lt;module 'excalidraw_mcp.server' from '/Users/les/Projects/excalidraw-mcp/excalidraw_mcp/server.py'&gt; does not have the attribute 'ServerPanels'</failure></testcase><testcase classname="tests.unit.test_server_additional.TestServerModuleAdditional" name="test_main_without_serverpanels" time="0.004" /><testcase classname="tests.unit.test_server_additional.TestServerModuleAdditional" name="test_main_keyboard_interrupt" time="0.001"><error message="failed on setup with &quot;file /Users/les/Projects/excalidraw-mcp/tests/unit/test_server_additional.py, line 79&#10;      @patch(&quot;excalidraw_mcp.server.logger&quot;)&#10;      @patch(&quot;excalidraw_mcp.server.init_background_services&quot;)&#10;      @patch(&quot;excalidraw_mcp.server.mcp&quot;)&#10;      @patch(&quot;excalidraw_mcp.server.SERVERPANELS_AVAILABLE&quot;, True)&#10;      def test_main_keyboard_interrupt(self, mock_mcp, mock_init, mock_logger, mock_serverpanels):&#10;E       fixture 'mock_serverpanels' not found&#10;&gt;       available fixtures: _class_scoped_runner, _function_scoped_runner, _module_scoped_runner, _package_scoped_runner, _session_scoped_runner, anyio_backend, anyio_backend_name, anyio_backend_options, async_client, batch_element_data, benchmark, benchmark_weave, cache, capfd, capfdbinary, caplog, capsys, capsysbinary, capteesys, class_mocker, cov, delta_compression_test_data, doctest_namespace, element_factory, environment_variables, event_loop, event_loop_policy, free_tcp_port, free_tcp_port_factory, free_udp_port, free_udp_port_factory, integration_test_server, mock_canvas_server, mock_http_client, mock_subprocess, mocker, module_mocker, monkeypatch, no_cover, package_mocker, performance_monitor, pytestconfig, rate_limiter_mock, record_property, record_testsuite_property, record_xml_attribute, recwarn, respx_mock, sample_element_data, sample_server_element, security_test_data, session_mocker, setup_test_environment, subtests, test_config, testrun_uid, tmp_path, tmp_path_factory, tmpdir, tmpdir_factory, unused_tcp_port, unused_tcp_port_factory, unused_udp_port, unused_udp_port_factory, websocket_mock, worker_id&#10;&gt;       use 'pytest --fixtures [testpath]' for help on them.&#10;&#10;/Users/les/Projects/excalidraw-mcp/tests/unit/test_server_additional.py:79&quot;">file /Users/les/Projects/excalidraw-mcp/tests/unit/test_server_additional.py, line 79
      @patch("excalidraw_mcp.server.logger")
      @patch("excalidraw_mcp.server.init_background_services")
      @patch("excalidraw_mcp.server.mcp")
      @patch("excalidraw_mcp.server.SERVERPANELS_AVAILABLE", True)
      def test_main_keyboard_interrupt(self, mock_mcp, mock_init, mock_logger, mock_serverpanels):
E       fixture 'mock_serverpanels' not found
&gt;       available fixtures: _class_scoped_runner, _function_scoped_runner, _module_scoped_runner, _package_scoped_runner, _session_scoped_runner, anyio_backend, anyio_backend_name, anyio_backend_options, async_client, batch_element_data, benchmark, benchmark_weave, cache, capfd, capfdbinary, caplog, capsys, capsysbinary, capteesys, class_mocker, cov, delta_compression_test_data, doctest_namespace, element_factory, environment_variables, event_loop, event_loop_policy, free_tcp_port, free_tcp_port_factory, free_udp_port, free_udp_port_factory, integration_test_server, mock_canvas_server, mock_http_client, mock_subprocess, mocker, module_mocker, monkeypatch, no_cover, package_mocker, performance_monitor, pytestconfig, rate_limiter_mock, record_property, record_testsuite_property, record_xml_attribute, recwarn, respx_mock, sample_element_data, sample_server_element, security_test_data, session_mocker, setup_test_environment, subtests, test_config, testrun_uid, tmp_path, tmp_path_factory, tmpdir, tmpdir_factory, unused_tcp_port, unused_tcp_port_factory, unused_udp_port, unused_udp_port_factory, websocket_mock, worker_id
&gt;       use 'pytest --fixtures [testpath]' for help on them.

/Users/les/Projects/excalidraw-mcp/tests/unit/test_server_additional.py:79</error></testcase><testcase classname="tests.unit.test_server_additional.TestServerModuleAdditional" name="test_main_exception" time="0.001"><error message="failed on setup with &quot;file /Users/les/Projects/excalidraw-mcp/tests/unit/test_server_additional.py, line 94&#10;      @patch(&quot;excalidraw_mcp.server.logger&quot;)&#10;      @patch(&quot;excalidraw_mcp.server.init_background_services&quot;)&#10;      @patch(&quot;excalidraw_mcp.server.mcp&quot;)&#10;      @patch(&quot;excalidraw_mcp.server.SERVERPANELS_AVAILABLE&quot;, True)&#10;      def test_main_exception(self, mock_mcp, mock_init, mock_logger, mock_serverpanels):&#10;E       fixture 'mock_serverpanels' not found&#10;&gt;       available fixtures: _class_scoped_runner, _function_scoped_runner, _module_scoped_runner, _package_scoped_runner, _session_scoped_runner, anyio_backend, anyio_backend_name, anyio_backend_options, async_client, batch_element_data, benchmark, benchmark_weave, cache, capfd, capfdbinary, caplog, capsys, capsysbinary, capteesys, class_mocker, cov, delta_compression_test_data, doctest_namespace, element_factory, environment_variables, event_loop, event_loop_policy, free_tcp_port, free_tcp_port_factory, free_udp_port, free_udp_port_factory, integration_test_server, mock_canvas_server, mock_http_client, mock_subprocess, mocker, module_mocker, monkeypatch, no_cover, package_mocker, performance_monitor, pytestconfig, rate_limiter_mock, record_property, record_testsuite_property, record_xml_attribute, recwarn, respx_mock, sample_element_data, sample_server_element, security_test_data, session_mocker, setup_test_environment, subtests, test_config, testrun_uid, tmp_path, tmp_path_factory, tmpdir, tmpdir_factory, unused_tcp_port, unused_tcp_port_factory, unused_udp_port, unused_udp_port_factory, websocket_mock, worker_id&#10;&gt;       use 'pytest --fixtures [testpath]' for help on them.&#10;&#10;/Users/les/Projects/excalidraw-mcp/tests/unit/test_server_additional.py:94&quot;">file /Users/les/Projects/excalidraw-mcp/tests/unit/test_server_additional.py, line 94
      @patch("excalidraw_mcp.server.logger")
      @patch("excalidraw_mcp.server.init_background_services")
      @patch("excalidraw_mcp.server.mcp")
      @patch("excalidraw_mcp.server.SERVERPANELS_AVAILABLE", True)
      def test_main_exception(self, mock_mcp, mock_init, mock_logger, mock_serverpanels):
E       fixture 'mock_serverpanels' not found
&gt;       available fixtures: _class_scoped_runner, _function_scoped_runner, _module_scoped_runner, _package_scoped_runner, _session_scoped_runner, anyio_backend, anyio_backend_name, anyio_backend_options, async_client, batch_element_data, benchmark, benchmark_weave, cache, capfd, capfdbinary, caplog, capsys, capsysbinary, capteesys, class_mocker, cov, delta_compression_test_data, doctest_namespace, element_factory, environment_variables, event_loop, event_loop_policy, free_tcp_port, free_tcp_port_factory, free_udp_port, free_udp_port_factory, integration_test_server, mock_canvas_server, mock_http_client, mock_subprocess, mocker, module_mocker, monkeypatch, no_cover, package_mocker, performance_monitor, pytestconfig, rate_limiter_mock, record_property, record_testsuite_property, record_xml_attribute, recwarn, respx_mock, sample_element_data, sample_server_element, security_test_data, session_mocker, setup_test_environment, subtests, test_config, testrun_uid, tmp_path, tmp_path_factory, tmpdir, tmpdir_factory, unused_tcp_port, unused_tcp_port_factory, unused_udp_port, unused_udp_port_factory, websocket_mock, worker_id
&gt;       use 'pytest --fixtures [testpath]' for help on them.

/Users/les/Projects/excalidraw-mcp/tests/unit/test_server_additional.py:94</error></testcase><testcase classname="tests.unit.test_server_additional.TestServerModuleAdditional" name="test_init_background_services_canvas_not_running" time="0.002"><failure message="AttributeError: &lt;module 'excalidraw_mcp.server' from '/Users/les/Projects/excalidraw-mcp/excalidraw_mcp/server.py'&gt; does not have the attribute 'Path'">E   AttributeError: &lt;module 'excalidraw_mcp.server' from '/Users/les/Projects/excalidraw-mcp/excalidraw_mcp/server.py'&gt; does not have the attribute 'Path'</failure></testcase><testcase classname="tests.unit.test_server_additional.TestServerModuleAdditional" name="test_init_background_services_canvas_already_running" time="0.002"><failure message="AttributeError: &lt;module 'excalidraw_mcp.server' from '/Users/les/Projects/excalidraw-mcp/excalidraw_mcp/server.py'&gt; does not have the attribute 'requests'">E   AttributeError: &lt;module 'excalidraw_mcp.server' from '/Users/les/Projects/excalidraw-mcp/excalidraw_mcp/server.py'&gt; does not have the attribute 'requests'</failure></testcase><testcase classname="tests.unit.test_server_additional.TestServerModuleAdditional" name="test_cleanup_monitoring_running" time="0.002" /><testcase classname="tests.unit.test_server_additional.TestServerModuleAdditional" name="test_cleanup_monitoring_not_running" time="0.002" /><testcase classname="tests.unit.test_server_additional.TestServerModuleAdditional" name="test_http_app_property" time="0.003" /></testsuite></testsuites>