2025-07-21 16:59:07,806 - DEBUG - Output directory: /Users/dhruvmenon/Documents/optics-framework-1/optics_framework/samples/contact_yml/execution_output, writable=True
2025-07-21 16:59:07,806 - DEBUG - Added internal log file: /Users/dhruvmenon/Documents/optics-framework-1/optics_framework/samples/contact_yml/execution_output/internal_logs.log
2025-07-21 16:59:07,806 - DEBUG - Added execution log file: /Users/dhruvmenon/Documents/optics-framework-1/optics_framework/samples/contact_yml/execution_output/execution_logs.log
2025-07-21 16:59:07,808 - DEBUG - Logging handlers initialized
2025-07-21 16:59:07,934 - DEBUG - Lazily loaded module: optics_framework.engines.drivers.appium
2025-07-21 16:59:07,935 - DEBUG - Instantiated Appium from optics_framework.engines.drivers.appium
2025-07-21 16:59:07,935 - DEBUG - EventManager initialized: 5172143376
2025-07-21 16:59:07,936 - DEBUG - Executing with runner_type: test_runner, use_printer: True
2025-07-21 16:59:07,937 - DEBUG - Event loop running: True
2025-07-21 16:59:07,937 - DEBUG - EventManager started, process_task: <Task pending name='Task-2' coro=<EventManager._process_events() running at /Users/dhruvmenon/Documents/optics-framework-1/optics_framework/common/events.py:113>>
2025-07-21 16:59:07,937 - DEBUG - Starting event processing loop
2025-07-21 16:59:07,937 - DEBUG - Using printer: TreeResultPrinter for runner: test_runner
2025-07-21 16:59:07,937 - DEBUG - Returning cached instance for: appium
2025-07-21 16:59:07,942 - DEBUG - Lazily loaded module: optics_framework.engines.elementsources.appium_find_element
2025-07-21 16:59:07,942 - DEBUG - Instantiated AppiumFindElement from optics_framework.engines.elementsources.appium_find_element
2025-07-21 16:59:07,945 - DEBUG - Lazily loaded module: optics_framework.engines.elementsources.appium_page_source
2025-07-21 16:59:07,945 - DEBUG - Instantiated AppiumPageSource from optics_framework.engines.elementsources.appium_page_source
2025-07-21 16:59:07,947 - DEBUG - Lazily loaded module: optics_framework.engines.elementsources.appium_screenshot
2025-07-21 16:59:07,947 - DEBUG - Instantiated AppiumScreenshot from optics_framework.engines.elementsources.appium_screenshot
2025-07-21 16:59:11,244 - DEBUG - Lazily loaded module: optics_framework.engines.vision_models.ocr_models.easyocr
2025-07-21 16:59:13,348 - DEBUG - Instantiated EasyOCRHelper from optics_framework.engines.vision_models.ocr_models.easyocr
2025-07-21 16:59:13,348 - DEBUG - Returning cached instance for: appium_find_element
2025-07-21 16:59:13,348 - DEBUG - Returning cached instance for: appium_page_source
2025-07-21 16:59:13,348 - DEBUG - Returning cached instance for: appium_screenshot
2025-07-21 16:59:13,348 - DEBUG - Returning cached instance for: easyocr
2025-07-21 16:59:13,354 - DEBUG - Returning cached instance for: appium
2025-07-21 16:59:13,354 - DEBUG - Returning cached instance for: appium_find_element
2025-07-21 16:59:13,354 - DEBUG - Returning cached instance for: appium_page_source
2025-07-21 16:59:13,354 - DEBUG - Returning cached instance for: appium_screenshot
2025-07-21 16:59:13,354 - DEBUG - Returning cached instance for: easyocr
2025-07-21 16:59:13,360 - DEBUG - Starting result printer live display
2025-07-21 16:59:13,368 - DEBUG - Publishing event: {'entity_type': 'execution', 'entity_id': '9ee486bd-49bf-4a7b-8610-1909cd83e5b0', 'name': 'Execution', 'status': <EventStatus.RUNNING: 'RUNNING'>, 'message': 'Starting batch execution', 'parent_id': None, 'extra': {'session_id': '9ee486bd-49bf-4a7b-8610-1909cd83e5b0'}, 'timestamp': 1753097353.365192, 'args': None, 'start_time': None, 'end_time': None, 'elapsed': None, 'logs': None}
2025-07-21 16:59:13,369 - DEBUG - Processing event: {'entity_type': 'execution', 'entity_id': '9ee486bd-49bf-4a7b-8610-1909cd83e5b0', 'name': 'Execution', 'status': <EventStatus.RUNNING: 'RUNNING'>, 'message': 'Starting batch execution', 'parent_id': None, 'extra': {'session_id': '9ee486bd-49bf-4a7b-8610-1909cd83e5b0'}, 'timestamp': 1753097353.365192, 'args': None, 'start_time': None, 'end_time': None, 'elapsed': None, 'logs': None}
2025-07-21 16:59:13,372 - DEBUG - Queueing event (sync): {'entity_type': 'test_case', 'entity_id': '9bbf19c9-cc17-4464-9772-edd055e7efa0', 'name': 'Add Same Contact Five Times with Contact App', 'status': <EventStatus.RUNNING: 'RUNNING'>, 'message': '', 'parent_id': None, 'extra': {'session_id': '9ee486bd-49bf-4a7b-8610-1909cd83e5b0'}, 'timestamp': 1753097353.372659, 'args': None, 'start_time': 1753097353.372535, 'end_time': None, 'elapsed': None, 'logs': None}
2025-07-21 16:59:13,375 - DEBUG - Executing keyword: Launch App (id: 1878ebb5-4ef3-4005-b607-9519575701e6)
2025-07-21 16:59:13,374 - DEBUG - Updating status for TestCaseResult: Add Same Contact Five Times with Contact App -> RUNNING
2025-07-21 16:59:13,374 - DEBUG - Queueing event (sync): {'entity_type': 'module', 'entity_id': '81a887d6-8a38-45fb-806c-a0f7b941d9ae', 'name': 'Launch Contact Application', 'status': <EventStatus.RUNNING: 'RUNNING'>, 'message': '', 'parent_id': '9bbf19c9-cc17-4464-9772-edd055e7efa0', 'extra': {'session_id': '9ee486bd-49bf-4a7b-8610-1909cd83e5b0'}, 'timestamp': 1753097353.374343, 'args': None, 'start_time': 1753097353.374329, 'end_time': None, 'elapsed': None, 'logs': None}
2025-07-21 16:59:13,375 - DEBUG - Updating status for ModuleResult: Launch Contact Application -> RUNNING
2025-07-21 16:59:13,375 - DEBUG - Found keyword: Launch App (id: 1878ebb5-4ef3-4005-b607-9519575701e6)
2025-07-21 16:59:13,375 - DEBUG - Queueing event (sync): {'entity_type': 'keyword', 'entity_id': '1878ebb5-4ef3-4005-b607-9519575701e6', 'name': 'Launch App', 'status': <EventStatus.RUNNING: 'RUNNING'>, 'message': '', 'parent_id': '81a887d6-8a38-45fb-806c-a0f7b941d9ae', 'extra': {'session_id': '9ee486bd-49bf-4a7b-8610-1909cd83e5b0'}, 'timestamp': 1753097353.375435, 'args': None, 'start_time': 1753097353.375423, 'end_time': None, 'elapsed': None, 'logs': None}
2025-07-21 16:59:13,376 - DEBUG - Updating status for KeywordResult: Launch App -> RUNNING
2025-07-21 16:59:13,377 - DEBUG - Appium Server URL: https://appium-hub-480385031389.asia-south1.run.app:443/wd/hub
2025-07-21 16:59:13,377 - DEBUG - All capabilities from config: {'appActivity': 'com.android.contacts.activities.PeopleActivity', 'appPackage': 'com.google.android.contacts', 'automationName': 'UiAutomator2', 'deviceName': 'redmi note 10 pro', 'appium:platformVersion': '12', 'platformName': 'Android', 'udid': 'b5af8c6b', 'mozark:options': {'secret': 'eyJhbGciOiJIUzI1NiIsInR5cCI6IkpXVCJ9.eyJlbWFpbF92ZXJpZmllZCI6dHJ1ZSwiaXNzIjoiQ1VTVE9NLVRPS0VOX19odHRwczovL2NvZ25pdG8taWRwLmFwLXNvdXRoLTEuYW1hem9uYXdzLmNvbS9hcC1zb3V0aC0xX1BEWWhwcDVSWCIsImNvZ25pdG86dXNlcm5hbWUiOiJhc2h3aW5AbW96YXJrLmFpIiwib3JpZ2luX2p0aSI6ImpCUVNLTGE1cmcwVDkwT2oxLW1sZHF6QndJVFRwSlJEZzlNVG5xSGx2dG89IiwiY3VzdG9tOnRlbmFudElkIjoibW96YXJrIiwiY3VzdG9tOnVzZXJSb2xlIjoiVGVuYW50QWRtaW4iLCJhdWQiOiIzcnJ2NDFuOWpoZ2NiamkxYTdtbTdhMW5kZSIsInRva2VuX3VzZSI6ImlkIiwianRpIjoiQVNJQTRGNERBODlCQzkxN0YwREI3QzE4ODA3MCIsImVtYWlsIjoiYXNod2luQG1vemFyay5haSIsImV4cCI6MjA2MjUwMTExMSwiaWF0IjoxNzQ3MTQxMTExfQ.D49QjFvWcekXvat-KC5zEjQ7v2aCrtA0oaLKJ0pBN6Q'}}
2025-07-21 16:59:13,377 - DEBUG - Final capabilities being applied: {'newCommandTimeout': 3600, 'ensureWebviewsHavePages': True, 'nativeWebScreenshot': True, 'noReset': True, 'shouldTerminateApp': True, 'forceAppLaunch': True, 'connectHardwareKeyboard': True, 'ignoreHiddenApiPolicyError': True, 'appActivity': 'com.android.contacts.activities.PeopleActivity', 'appPackage': 'com.google.android.contacts', 'automationName': 'UiAutomator2', 'deviceName': 'redmi note 10 pro', 'appium:platformVersion': '12', 'platformName': 'Android', 'udid': 'b5af8c6b', 'mozark:options': {'secret': 'eyJhbGciOiJIUzI1NiIsInR5cCI6IkpXVCJ9.eyJlbWFpbF92ZXJpZmllZCI6dHJ1ZSwiaXNzIjoiQ1VTVE9NLVRPS0VOX19odHRwczovL2NvZ25pdG8taWRwLmFwLXNvdXRoLTEuYW1hem9uYXdzLmNvbS9hcC1zb3V0aC0xX1BEWWhwcDVSWCIsImNvZ25pdG86dXNlcm5hbWUiOiJhc2h3aW5AbW96YXJrLmFpIiwib3JpZ2luX2p0aSI6ImpCUVNLTGE1cmcwVDkwT2oxLW1sZHF6QndJVFRwSlJEZzlNVG5xSGx2dG89IiwiY3VzdG9tOnRlbmFudElkIjoibW96YXJrIiwiY3VzdG9tOnVzZXJSb2xlIjoiVGVuYW50QWRtaW4iLCJhdWQiOiIzcnJ2NDFuOWpoZ2NiamkxYTdtbTdhMW5kZSIsInRva2VuX3VzZSI6ImlkIiwianRpIjoiQVNJQTRGNERBODlCQzkxN0YwREI3QzE4ODA3MCIsImVtYWlsIjoiYXNod2luQG1vemFyay5haSIsImV4cCI6MjA2MjUwMTExMSwiaWF0IjoxNzQ3MTQxMTExfQ.D49QjFvWcekXvat-KC5zEjQ7v2aCrtA0oaLKJ0pBN6Q'}}
2025-07-21 16:59:13,377 - DEBUG - Starting Appium session with capabilities: {'automationName': 'UIAutomator2', 'platformName': 'Android', 'appium:newCommandTimeout': 3600, 'appium:ensureWebviewsHavePages': True, 'appium:nativeWebScreenshot': True, 'appium:noReset': True, 'appium:shouldTerminateApp': True, 'appium:forceAppLaunch': True, 'appium:connectHardwareKeyboard': True, 'appium:ignoreHiddenApiPolicyError': True, 'appium:appActivity': 'com.android.contacts.activities.PeopleActivity', 'appium:appPackage': 'com.google.android.contacts', 'appium:automationName': 'UiAutomator2', 'appium:deviceName': 'redmi note 10 pro', 'appium:platformVersion': '12', 'appium:udid': 'b5af8c6b', 'mozark:options': {'secret': 'eyJhbGciOiJIUzI1NiIsInR5cCI6IkpXVCJ9.eyJlbWFpbF92ZXJpZmllZCI6dHJ1ZSwiaXNzIjoiQ1VTVE9NLVRPS0VOX19odHRwczovL2NvZ25pdG8taWRwLmFwLXNvdXRoLTEuYW1hem9uYXdzLmNvbS9hcC1zb3V0aC0xX1BEWWhwcDVSWCIsImNvZ25pdG86dXNlcm5hbWUiOiJhc2h3aW5AbW96YXJrLmFpIiwib3JpZ2luX2p0aSI6ImpCUVNLTGE1cmcwVDkwT2oxLW1sZHF6QndJVFRwSlJEZzlNVG5xSGx2dG89IiwiY3VzdG9tOnRlbmFudElkIjoibW96YXJrIiwiY3VzdG9tOnVzZXJSb2xlIjoiVGVuYW50QWRtaW4iLCJhdWQiOiIzcnJ2NDFuOWpoZ2NiamkxYTdtbTdhMW5kZSIsInRva2VuX3VzZSI6ImlkIiwianRpIjoiQVNJQTRGNERBODlCQzkxN0YwREI3QzE4ODA3MCIsImVtYWlsIjoiYXNod2luQG1vemFyay5haSIsImV4cCI6MjA2MjUwMTExMSwiaWF0IjoxNzQ3MTQxMTExfQ.D49QjFvWcekXvat-KC5zEjQ7v2aCrtA0oaLKJ0pBN6Q'}}
2025-07-21 17:00:02,372 - DEBUG - Launched application with event: None
2025-07-21 17:00:02,372 - INFO - NEW Appium session created with session_id: c61a8938-2637-4278-8c1c-11a22b91e874
2025-07-21 17:00:02,372 - INFO - Global driver set to new session_id: c61a8938-2637-4278-8c1c-11a22b91e874
2025-07-21 17:00:02,378 - DEBUG - PARAMS: 2
2025-07-21 17:00:02,373 - DEBUG - Queueing event (sync): {'entity_type': 'keyword', 'entity_id': '1878ebb5-4ef3-4005-b607-9519575701e6', 'name': 'Launch App', 'status': <EventStatus.PASS: 'PASS'>, 'message': '', 'parent_id': '81a887d6-8a38-45fb-806c-a0f7b941d9ae', 'extra': {'session_id': '9ee486bd-49bf-4a7b-8610-1909cd83e5b0'}, 'timestamp': 1753097402.373297, 'args': {}, 'start_time': 1753097353.375423, 'end_time': 1753097402.3731651, 'elapsed': 48.99774217605591, 'logs': ['Executing keyword: Launch App (id: 1878ebb5-4ef3-4005-b607-9519575701e6)', 'PARAMS: ', 'Launched application with event: None']}
2025-07-21 17:00:02,376 - DEBUG - Updating status for KeywordResult: Launch App -> PASS
2025-07-21 17:00:02,377 - DEBUG - Found keyword: Sleep (id: d5448285-b7e5-488e-a29b-ccc1c291d527)
2025-07-21 17:00:02,377 - DEBUG - Queueing event (sync): {'entity_type': 'keyword', 'entity_id': 'd5448285-b7e5-488e-a29b-ccc1c291d527', 'name': 'Sleep', 'status': <EventStatus.RUNNING: 'RUNNING'>, 'message': '', 'parent_id': '81a887d6-8a38-45fb-806c-a0f7b941d9ae', 'extra': {'session_id': '9ee486bd-49bf-4a7b-8610-1909cd83e5b0'}, 'timestamp': 1753097402.3771892, 'args': None, 'start_time': 1753097402.3771808, 'end_time': None, 'elapsed': None, 'logs': None}
2025-07-21 17:00:02,378 - DEBUG - Updating status for KeywordResult: Sleep -> RUNNING
2025-07-21 17:00:04,382 - DEBUG - Queueing event (sync): {'entity_type': 'keyword', 'entity_id': 'd5448285-b7e5-488e-a29b-ccc1c291d527', 'name': 'Sleep', 'status': <EventStatus.PASS: 'PASS'>, 'message': '', 'parent_id': '81a887d6-8a38-45fb-806c-a0f7b941d9ae', 'extra': {'session_id': '9ee486bd-49bf-4a7b-8610-1909cd83e5b0'}, 'timestamp': 1753097404.382378, 'args': {}, 'start_time': 1753097402.3771808, 'end_time': 1753097404.382333, 'elapsed': 2.0051522254943848, 'logs': ['Executing keyword: Sleep (id: d5448285-b7e5-488e-a29b-ccc1c291d527)', 'PARAMS: 2']}
2025-07-21 17:00:04,383 - DEBUG - Updating status for KeywordResult: Sleep -> PASS
2025-07-21 17:00:04,383 - DEBUG - Queueing event (sync): {'entity_type': 'module', 'entity_id': '81a887d6-8a38-45fb-806c-a0f7b941d9ae', 'name': 'Launch Contact Application', 'status': <EventStatus.PASS: 'PASS'>, 'message': '', 'parent_id': '9bbf19c9-cc17-4464-9772-edd055e7efa0', 'extra': {'session_id': '9ee486bd-49bf-4a7b-8610-1909cd83e5b0'}, 'timestamp': 1753097404.383923, 'args': None, 'start_time': 1753097353.374329, 'end_time': 1753097404.383919, 'elapsed': 51.0095899105072, 'logs': None}
2025-07-21 17:00:04,384 - DEBUG - Updating status for ModuleResult: Launch Contact Application -> PASS
2025-07-21 17:00:04,384 - DEBUG - Queueing event (sync): {'entity_type': 'module', 'entity_id': 'a640cf4e-a9a1-4268-8a37-cbb47a28cc12', 'name': 'Navigate to Add Contact Page', 'status': <EventStatus.RUNNING: 'RUNNING'>, 'message': '', 'parent_id': '9bbf19c9-cc17-4464-9772-edd055e7efa0', 'extra': {'session_id': '9ee486bd-49bf-4a7b-8610-1909cd83e5b0'}, 'timestamp': 1753097404.384744, 'args': None, 'start_time': 1753097404.384736, 'end_time': None, 'elapsed': None, 'logs': None}
2025-07-21 17:00:04,386 - DEBUG - PARAMS: Contact
2025-07-21 17:00:04,385 - DEBUG - Updating status for ModuleResult: Navigate to Add Contact Page -> RUNNING
2025-07-21 17:00:04,385 - DEBUG - Found keyword: Assert Presence (id: ab3dc7c7-37b1-48fe-8868-b4949b46904e)
2025-07-21 17:00:04,385 - DEBUG - Queueing event (sync): {'entity_type': 'keyword', 'entity_id': 'ab3dc7c7-37b1-48fe-8868-b4949b46904e', 'name': 'Assert Presence', 'status': <EventStatus.RUNNING: 'RUNNING'>, 'message': '', 'parent_id': 'a640cf4e-a9a1-4268-8a37-cbb47a28cc12', 'extra': {'session_id': '9ee486bd-49bf-4a7b-8610-1909cd83e5b0'}, 'timestamp': 1753097404.385897, 'args': None, 'start_time': 1753097404.3858922, 'end_time': None, 'elapsed': None, 'logs': None}
2025-07-21 17:00:04,386 - DEBUG - Updating status for KeywordResult: Assert Presence -> RUNNING
2025-07-21 17:00:05,422 - DEBUG - Global driver health check passed for session_id: c61a8938-2637-4278-8c1c-11a22b91e874
2025-07-21 17:00:05,904 - ERROR -  element: Contact
Traceback (most recent call last):
  File "/Users/dhruvmenon/Documents/optics-framework-1/optics_framework/engines/elementsources/appium_find_element.py", line 108, in locate
    element = driver.find_element(AppiumBy.ACCESSIBILITY_ID, element)
  File "/Users/dhruvmenon/Library/Caches/pypoetry/virtualenvs/optics-framework-OUvbXnVz-py3.13/lib/python3.13/site-packages/selenium/webdriver/remote/webdriver.py", line 917, in find_element
    return self.execute(Command.FIND_ELEMENT, {"using": by, "value": value})["value"]
           ~~~~~~~~~~~~^^^^^^^^^^^^^^^^^^^^^^^^^^^^^^^^^^^^^^^^^^^^^^^^^^^^^
  File "/Users/dhruvmenon/Library/Caches/pypoetry/virtualenvs/optics-framework-OUvbXnVz-py3.13/lib/python3.13/site-packages/selenium/webdriver/remote/webdriver.py", line 448, in execute
    self.error_handler.check_response(response)
    ~~~~~~~~~~~~~~~~~~~~~~~~~~~~~~~~~^^^^^^^^^^
  File "/Users/dhruvmenon/Library/Caches/pypoetry/virtualenvs/optics-framework-OUvbXnVz-py3.13/lib/python3.13/site-packages/appium/webdriver/errorhandler.py", line 125, in check_response
    raise exception_class(msg=message, stacktrace=format_stacktrace(stacktrace))
selenium.common.exceptions.NoSuchElementException: Message: An element could not be located on the page using the given search parameters.; For documentation on this error, please visit: https://www.selenium.dev/documentation/webdriver/troubleshooting/errors#no-such-element-exception
Stacktrace:
NoSuchElementError: An element could not be located on the page using the given search parameters.
    at AndroidUiautomator2Driver.findElOrEls (/Users/mozark/.appium/node_modules/appium-uiautomator2-driver/node_modules/appium-android-driver/lib/commands/find.ts:86:11)
    at processTicksAndRejections (node:internal/process/task_queues:95:5)
    at AndroidUiautomator2Driver.findElOrElsWithProcessing (/usr/local/lib/node_modules/appium/node_modules/@appium/base-driver/lib/basedriver/commands/find.ts:60:12)
    at AndroidUiautomator2Driver.findElement (/usr/local/lib/node_modules/appium/node_modules/@appium/base-driver/lib/basedriver/commands/find.ts:75:12)
2025-07-21 17:00:06,211 - DEBUG - Global driver health check passed for session_id: c61a8938-2637-4278-8c1c-11a22b91e874
2025-07-21 17:00:08,705 - DEBUG - 

========== PAGE SOURCE FETCHED ==========

2025-07-21 17:00:08,706 - INFO - Trying TextElementStrategy on '['Contact']' ... SUCCESS
2025-07-21 17:00:08,705 - DEBUG - Page source fetched at: 2025-07-21T17:00:05.910553+05:30
2025-07-21 17:00:08,705 - DEBUG - 
==========================================

2025-07-21 17:00:08,709 - DEBUG - PARAMS: Create contact
2025-07-21 17:00:08,705 - DEBUG - Searching for text: Contact
2025-07-21 17:00:08,706 - DEBUG - Partial match found: 'contact' in 'search contacts'
2025-07-21 17:00:08,706 - DEBUG - Partial match found for text: contact
2025-07-21 17:00:08,706 - DEBUG - Match found using text for 'Contact'
2025-07-21 17:00:08,706 - DEBUG - Queueing event (sync): {'entity_type': 'keyword', 'entity_id': 'ab3dc7c7-37b1-48fe-8868-b4949b46904e', 'name': 'Assert Presence', 'status': <EventStatus.PASS: 'PASS'>, 'message': '', 'parent_id': 'a640cf4e-a9a1-4268-8a37-cbb47a28cc12', 'extra': {'session_id': '9ee486bd-49bf-4a7b-8610-1909cd83e5b0'}, 'timestamp': 1753097408.7066722, 'args': {}, 'start_time': 1753097404.3858922, 'end_time': 1753097408.7066612, 'elapsed': 4.3207690715789795, 'logs': ['Executing keyword: Assert Presence (id: ab3dc7c7-37b1-48fe-8868-b4949b46904e)', 'PARAMS: Contact', "Asserting presence of elements: ['Contact'] with rule: any and timeout: 30s", "Trying TextElementStrategy on '['Contact']' ... FAIL (error: Element not found: Contact)", "Trying TextElementStrategy on '['Contact']' ... SUCCESS"]}
2025-07-21 17:00:08,707 - DEBUG - Updating status for KeywordResult: Assert Presence -> PASS
2025-07-21 17:00:08,708 - DEBUG - Found keyword: Press Element (id: a523e6c4-abe2-4bb6-973b-fb311248437e)
2025-07-21 17:00:08,708 - DEBUG - Queueing event (sync): {'entity_type': 'keyword', 'entity_id': 'a523e6c4-abe2-4bb6-973b-fb311248437e', 'name': 'Press Element', 'status': <EventStatus.RUNNING: 'RUNNING'>, 'message': '', 'parent_id': 'a640cf4e-a9a1-4268-8a37-cbb47a28cc12', 'extra': {'session_id': '9ee486bd-49bf-4a7b-8610-1909cd83e5b0'}, 'timestamp': 1753097408.70812, 'args': None, 'start_time': 1753097408.708114, 'end_time': None, 'elapsed': None, 'logs': None}
2025-07-21 17:00:08,709 - DEBUG - Updating status for KeywordResult: Press Element -> RUNNING
2025-07-21 17:00:09,738 - DEBUG - Global driver health check passed for session_id: c61a8938-2637-4278-8c1c-11a22b91e874
2025-07-21 17:00:09,738 - INFO - driver session_id: c61a8938-2637-4278-8c1c-11a22b91e874
2025-07-21 17:00:10,828 - INFO - Trying ScreenshotStrategy on 'screenshot' ... SUCCESS
2025-07-21 17:00:10,838 - DEBUG - Screenshot saved as : 2025-07-21T17-00-10-828886-press_element.jpg
2025-07-21 17:00:10,838 - DEBUG - Screenshot saved to :/Users/dhruvmenon/Documents/optics-framework-1/optics_framework/samples/contact_yml/execution_output/2025-07-21T17-00-10-828886-press_element.jpg
2025-07-21 17:00:11,490 - DEBUG - Global driver health check passed for session_id: c61a8938-2637-4278-8c1c-11a22b91e874
2025-07-21 17:00:13,212 - INFO - Trying TextElementStrategy on 'Create contact' ... SUCCESS
2025-07-21 17:00:13,551 - DEBUG - Queueing event (sync): {'entity_type': 'keyword', 'entity_id': 'a523e6c4-abe2-4bb6-973b-fb311248437e', 'name': 'Press Element', 'status': <EventStatus.PASS: 'PASS'>, 'message': '', 'parent_id': 'a640cf4e-a9a1-4268-8a37-cbb47a28cc12', 'extra': {'session_id': '9ee486bd-49bf-4a7b-8610-1909cd83e5b0'}, 'timestamp': 1753097413.551114, 'args': {}, 'start_time': 1753097408.708114, 'end_time': 1753097413.5510569, 'elapsed': 4.842942953109741, 'logs': ['Executing keyword: Press Element (id: a523e6c4-abe2-4bb6-973b-fb311248437e)', 'PARAMS: Create contact', 'Capturing screenshot using available strategies.', "Trying ScreenshotStrategy on 'screenshot' ... SUCCESS", 'Locating element: Create contact of type: Text...', "Trying TextElementStrategy on 'Create contact' ... SUCCESS", "Pressing element 'Create contact'"]}
2025-07-21 17:00:13,556 - DEBUG - Updating status for KeywordResult: Press Element -> PASS
2025-07-21 17:00:13,561 - DEBUG - PARAMS: //android.widget.TextView[@text="Create contact"]
2025-07-21 17:00:13,557 - DEBUG - Found keyword: Assert Presence (id: 5dd37754-464c-41e2-a694-da7bb4399b4e)
2025-07-21 17:00:13,557 - DEBUG - Queueing event (sync): {'entity_type': 'keyword', 'entity_id': '5dd37754-464c-41e2-a694-da7bb4399b4e', 'name': 'Assert Presence', 'status': <EventStatus.RUNNING: 'RUNNING'>, 'message': '', 'parent_id': 'a640cf4e-a9a1-4268-8a37-cbb47a28cc12', 'extra': {'session_id': '9ee486bd-49bf-4a7b-8610-1909cd83e5b0'}, 'timestamp': 1753097413.557649, 'args': None, 'start_time': 1753097413.55762, 'end_time': None, 'elapsed': None, 'logs': None}
2025-07-21 17:00:13,560 - DEBUG - Updating status for KeywordResult: Assert Presence -> RUNNING
2025-07-21 17:00:14,258 - DEBUG - Global driver health check passed for session_id: c61a8938-2637-4278-8c1c-11a22b91e874
2025-07-21 17:00:15,590 - ERROR - Error finding element: //android.widget.TextView[@text="Create contact"]
Traceback (most recent call last):
  File "/Users/dhruvmenon/Documents/optics-framework-1/optics_framework/engines/elementsources/appium_find_element.py", line 99, in locate
    element = driver.find_element(AppiumBy.XPATH, element)
  File "/Users/dhruvmenon/Library/Caches/pypoetry/virtualenvs/optics-framework-OUvbXnVz-py3.13/lib/python3.13/site-packages/selenium/webdriver/remote/webdriver.py", line 917, in find_element
    return self.execute(Command.FIND_ELEMENT, {"using": by, "value": value})["value"]
           ~~~~~~~~~~~~^^^^^^^^^^^^^^^^^^^^^^^^^^^^^^^^^^^^^^^^^^^^^^^^^^^^^
  File "/Users/dhruvmenon/Library/Caches/pypoetry/virtualenvs/optics-framework-OUvbXnVz-py3.13/lib/python3.13/site-packages/selenium/webdriver/remote/webdriver.py", line 448, in execute
    self.error_handler.check_response(response)
    ~~~~~~~~~~~~~~~~~~~~~~~~~~~~~~~~~^^^^^^^^^^
  File "/Users/dhruvmenon/Library/Caches/pypoetry/virtualenvs/optics-framework-OUvbXnVz-py3.13/lib/python3.13/site-packages/appium/webdriver/errorhandler.py", line 125, in check_response
    raise exception_class(msg=message, stacktrace=format_stacktrace(stacktrace))
selenium.common.exceptions.NoSuchElementException: Message: An element could not be located on the page using the given search parameters.; For documentation on this error, please visit: https://www.selenium.dev/documentation/webdriver/troubleshooting/errors#no-such-element-exception
Stacktrace:
NoSuchElementError: An element could not be located on the page using the given search parameters.
    at AndroidUiautomator2Driver.findElOrEls (/Users/mozark/.appium/node_modules/appium-uiautomator2-driver/node_modules/appium-android-driver/lib/commands/find.ts:86:11)
    at processTicksAndRejections (node:internal/process/task_queues:95:5)
    at AndroidUiautomator2Driver.findElOrElsWithProcessing (/usr/local/lib/node_modules/appium/node_modules/@appium/base-driver/lib/basedriver/commands/find.ts:60:12)
    at AndroidUiautomator2Driver.findElement (/usr/local/lib/node_modules/appium/node_modules/@appium/base-driver/lib/basedriver/commands/find.ts:75:12)
2025-07-21 17:00:15,924 - DEBUG - Global driver health check passed for session_id: c61a8938-2637-4278-8c1c-11a22b91e874
2025-07-21 17:00:16,259 - ERROR - Error finding element: //android.widget.TextView[@text="Create contact"]
Traceback (most recent call last):
  File "/Users/dhruvmenon/Documents/optics-framework-1/optics_framework/engines/elementsources/appium_find_element.py", line 99, in locate
    element = driver.find_element(AppiumBy.XPATH, element)
  File "/Users/dhruvmenon/Library/Caches/pypoetry/virtualenvs/optics-framework-OUvbXnVz-py3.13/lib/python3.13/site-packages/selenium/webdriver/remote/webdriver.py", line 917, in find_element
    return self.execute(Command.FIND_ELEMENT, {"using": by, "value": value})["value"]
           ~~~~~~~~~~~~^^^^^^^^^^^^^^^^^^^^^^^^^^^^^^^^^^^^^^^^^^^^^^^^^^^^^
  File "/Users/dhruvmenon/Library/Caches/pypoetry/virtualenvs/optics-framework-OUvbXnVz-py3.13/lib/python3.13/site-packages/selenium/webdriver/remote/webdriver.py", line 448, in execute
    self.error_handler.check_response(response)
    ~~~~~~~~~~~~~~~~~~~~~~~~~~~~~~~~~^^^^^^^^^^
  File "/Users/dhruvmenon/Library/Caches/pypoetry/virtualenvs/optics-framework-OUvbXnVz-py3.13/lib/python3.13/site-packages/appium/webdriver/errorhandler.py", line 125, in check_response
    raise exception_class(msg=message, stacktrace=format_stacktrace(stacktrace))
selenium.common.exceptions.NoSuchElementException: Message: An element could not be located on the page using the given search parameters.; For documentation on this error, please visit: https://www.selenium.dev/documentation/webdriver/troubleshooting/errors#no-such-element-exception
Stacktrace:
NoSuchElementError: An element could not be located on the page using the given search parameters.
    at AndroidUiautomator2Driver.findElOrEls (/Users/mozark/.appium/node_modules/appium-uiautomator2-driver/node_modules/appium-android-driver/lib/commands/find.ts:86:11)
    at processTicksAndRejections (node:internal/process/task_queues:95:5)
    at AndroidUiautomator2Driver.findElOrElsWithProcessing (/usr/local/lib/node_modules/appium/node_modules/@appium/base-driver/lib/basedriver/commands/find.ts:60:12)
    at AndroidUiautomator2Driver.findElement (/usr/local/lib/node_modules/appium/node_modules/@appium/base-driver/lib/basedriver/commands/find.ts:75:12)
2025-07-21 17:00:19,877 - DEBUG - Global driver health check passed for session_id: c61a8938-2637-4278-8c1c-11a22b91e874
2025-07-21 17:00:20,193 - ERROR - Error finding element: //android.widget.TextView[@text="Create contact"]
Traceback (most recent call last):
  File "/Users/dhruvmenon/Documents/optics-framework-1/optics_framework/engines/elementsources/appium_find_element.py", line 99, in locate
    element = driver.find_element(AppiumBy.XPATH, element)
  File "/Users/dhruvmenon/Library/Caches/pypoetry/virtualenvs/optics-framework-OUvbXnVz-py3.13/lib/python3.13/site-packages/selenium/webdriver/remote/webdriver.py", line 917, in find_element
    return self.execute(Command.FIND_ELEMENT, {"using": by, "value": value})["value"]
           ~~~~~~~~~~~~^^^^^^^^^^^^^^^^^^^^^^^^^^^^^^^^^^^^^^^^^^^^^^^^^^^^^
  File "/Users/dhruvmenon/Library/Caches/pypoetry/virtualenvs/optics-framework-OUvbXnVz-py3.13/lib/python3.13/site-packages/selenium/webdriver/remote/webdriver.py", line 448, in execute
    self.error_handler.check_response(response)
    ~~~~~~~~~~~~~~~~~~~~~~~~~~~~~~~~~^^^^^^^^^^
  File "/Users/dhruvmenon/Library/Caches/pypoetry/virtualenvs/optics-framework-OUvbXnVz-py3.13/lib/python3.13/site-packages/appium/webdriver/errorhandler.py", line 125, in check_response
    raise exception_class(msg=message, stacktrace=format_stacktrace(stacktrace))
selenium.common.exceptions.NoSuchElementException: Message: An element could not be located on the page using the given search parameters.; For documentation on this error, please visit: https://www.selenium.dev/documentation/webdriver/troubleshooting/errors#no-such-element-exception
Stacktrace:
NoSuchElementError: An element could not be located on the page using the given search parameters.
    at AndroidUiautomator2Driver.findElOrEls (/Users/mozark/.appium/node_modules/appium-uiautomator2-driver/node_modules/appium-android-driver/lib/commands/find.ts:86:11)
    at processTicksAndRejections (node:internal/process/task_queues:95:5)
    at AndroidUiautomator2Driver.findElOrElsWithProcessing (/usr/local/lib/node_modules/appium/node_modules/@appium/base-driver/lib/basedriver/commands/find.ts:60:12)
    at AndroidUiautomator2Driver.findElement (/usr/local/lib/node_modules/appium/node_modules/@appium/base-driver/lib/basedriver/commands/find.ts:75:12)
2025-07-21 17:00:20,529 - DEBUG - Global driver health check passed for session_id: c61a8938-2637-4278-8c1c-11a22b91e874
2025-07-21 17:00:20,935 - ERROR - Error finding element: //android.widget.TextView[@text="Create contact"]
Traceback (most recent call last):
  File "/Users/dhruvmenon/Documents/optics-framework-1/optics_framework/engines/elementsources/appium_find_element.py", line 99, in locate
    element = driver.find_element(AppiumBy.XPATH, element)
  File "/Users/dhruvmenon/Library/Caches/pypoetry/virtualenvs/optics-framework-OUvbXnVz-py3.13/lib/python3.13/site-packages/selenium/webdriver/remote/webdriver.py", line 917, in find_element
    return self.execute(Command.FIND_ELEMENT, {"using": by, "value": value})["value"]
           ~~~~~~~~~~~~^^^^^^^^^^^^^^^^^^^^^^^^^^^^^^^^^^^^^^^^^^^^^^^^^^^^^
  File "/Users/dhruvmenon/Library/Caches/pypoetry/virtualenvs/optics-framework-OUvbXnVz-py3.13/lib/python3.13/site-packages/selenium/webdriver/remote/webdriver.py", line 448, in execute
    self.error_handler.check_response(response)
    ~~~~~~~~~~~~~~~~~~~~~~~~~~~~~~~~~^^^^^^^^^^
  File "/Users/dhruvmenon/Library/Caches/pypoetry/virtualenvs/optics-framework-OUvbXnVz-py3.13/lib/python3.13/site-packages/appium/webdriver/errorhandler.py", line 125, in check_response
    raise exception_class(msg=message, stacktrace=format_stacktrace(stacktrace))
selenium.common.exceptions.NoSuchElementException: Message: An element could not be located on the page using the given search parameters.; For documentation on this error, please visit: https://www.selenium.dev/documentation/webdriver/troubleshooting/errors#no-such-element-exception
Stacktrace:
NoSuchElementError: An element could not be located on the page using the given search parameters.
    at AndroidUiautomator2Driver.findElOrEls (/Users/mozark/.appium/node_modules/appium-uiautomator2-driver/node_modules/appium-android-driver/lib/commands/find.ts:86:11)
    at processTicksAndRejections (node:internal/process/task_queues:95:5)
    at AndroidUiautomator2Driver.findElOrElsWithProcessing (/usr/local/lib/node_modules/appium/node_modules/@appium/base-driver/lib/basedriver/commands/find.ts:60:12)
    at AndroidUiautomator2Driver.findElement (/usr/local/lib/node_modules/appium/node_modules/@appium/base-driver/lib/basedriver/commands/find.ts:75:12)
2025-07-21 17:00:21,291 - DEBUG - Global driver health check passed for session_id: c61a8938-2637-4278-8c1c-11a22b91e874
2025-07-21 17:00:21,593 - ERROR - Error finding element: //android.widget.TextView[@text="Create contact"]
Traceback (most recent call last):
  File "/Users/dhruvmenon/Documents/optics-framework-1/optics_framework/engines/elementsources/appium_find_element.py", line 99, in locate
    element = driver.find_element(AppiumBy.XPATH, element)
  File "/Users/dhruvmenon/Library/Caches/pypoetry/virtualenvs/optics-framework-OUvbXnVz-py3.13/lib/python3.13/site-packages/selenium/webdriver/remote/webdriver.py", line 917, in find_element
    return self.execute(Command.FIND_ELEMENT, {"using": by, "value": value})["value"]
           ~~~~~~~~~~~~^^^^^^^^^^^^^^^^^^^^^^^^^^^^^^^^^^^^^^^^^^^^^^^^^^^^^
  File "/Users/dhruvmenon/Library/Caches/pypoetry/virtualenvs/optics-framework-OUvbXnVz-py3.13/lib/python3.13/site-packages/selenium/webdriver/remote/webdriver.py", line 448, in execute
    self.error_handler.check_response(response)
    ~~~~~~~~~~~~~~~~~~~~~~~~~~~~~~~~~^^^^^^^^^^
  File "/Users/dhruvmenon/Library/Caches/pypoetry/virtualenvs/optics-framework-OUvbXnVz-py3.13/lib/python3.13/site-packages/appium/webdriver/errorhandler.py", line 125, in check_response
    raise exception_class(msg=message, stacktrace=format_stacktrace(stacktrace))
selenium.common.exceptions.NoSuchElementException: Message: An element could not be located on the page using the given search parameters.; For documentation on this error, please visit: https://www.selenium.dev/documentation/webdriver/troubleshooting/errors#no-such-element-exception
Stacktrace:
NoSuchElementError: An element could not be located on the page using the given search parameters.
    at AndroidUiautomator2Driver.findElOrEls (/Users/mozark/.appium/node_modules/appium-uiautomator2-driver/node_modules/appium-android-driver/lib/commands/find.ts:86:11)
    at processTicksAndRejections (node:internal/process/task_queues:95:5)
    at AndroidUiautomator2Driver.findElOrElsWithProcessing (/usr/local/lib/node_modules/appium/node_modules/@appium/base-driver/lib/basedriver/commands/find.ts:60:12)
    at AndroidUiautomator2Driver.findElement (/usr/local/lib/node_modules/appium/node_modules/@appium/base-driver/lib/basedriver/commands/find.ts:75:12)
2025-07-21 17:00:21,932 - DEBUG - Global driver health check passed for session_id: c61a8938-2637-4278-8c1c-11a22b91e874
2025-07-21 17:00:22,308 - ERROR - Error finding element: //android.widget.TextView[@text="Create contact"]
Traceback (most recent call last):
  File "/Users/dhruvmenon/Documents/optics-framework-1/optics_framework/engines/elementsources/appium_find_element.py", line 99, in locate
    element = driver.find_element(AppiumBy.XPATH, element)
  File "/Users/dhruvmenon/Library/Caches/pypoetry/virtualenvs/optics-framework-OUvbXnVz-py3.13/lib/python3.13/site-packages/selenium/webdriver/remote/webdriver.py", line 917, in find_element
    return self.execute(Command.FIND_ELEMENT, {"using": by, "value": value})["value"]
           ~~~~~~~~~~~~^^^^^^^^^^^^^^^^^^^^^^^^^^^^^^^^^^^^^^^^^^^^^^^^^^^^^
  File "/Users/dhruvmenon/Library/Caches/pypoetry/virtualenvs/optics-framework-OUvbXnVz-py3.13/lib/python3.13/site-packages/selenium/webdriver/remote/webdriver.py", line 448, in execute
    self.error_handler.check_response(response)
    ~~~~~~~~~~~~~~~~~~~~~~~~~~~~~~~~~^^^^^^^^^^
  File "/Users/dhruvmenon/Library/Caches/pypoetry/virtualenvs/optics-framework-OUvbXnVz-py3.13/lib/python3.13/site-packages/appium/webdriver/errorhandler.py", line 125, in check_response
    raise exception_class(msg=message, stacktrace=format_stacktrace(stacktrace))
selenium.common.exceptions.NoSuchElementException: Message: An element could not be located on the page using the given search parameters.; For documentation on this error, please visit: https://www.selenium.dev/documentation/webdriver/troubleshooting/errors#no-such-element-exception
Stacktrace:
NoSuchElementError: An element could not be located on the page using the given search parameters.
    at AndroidUiautomator2Driver.findElOrEls (/Users/mozark/.appium/node_modules/appium-uiautomator2-driver/node_modules/appium-android-driver/lib/commands/find.ts:86:11)
    at processTicksAndRejections (node:internal/process/task_queues:95:5)
    at AndroidUiautomator2Driver.findElOrElsWithProcessing (/usr/local/lib/node_modules/appium/node_modules/@appium/base-driver/lib/basedriver/commands/find.ts:60:12)
    at AndroidUiautomator2Driver.findElement (/usr/local/lib/node_modules/appium/node_modules/@appium/base-driver/lib/basedriver/commands/find.ts:75:12)
2025-07-21 17:00:22,644 - DEBUG - Global driver health check passed for session_id: c61a8938-2637-4278-8c1c-11a22b91e874
2025-07-21 17:00:22,937 - ERROR - Error finding element: //android.widget.TextView[@text="Create contact"]
Traceback (most recent call last):
  File "/Users/dhruvmenon/Documents/optics-framework-1/optics_framework/engines/elementsources/appium_find_element.py", line 99, in locate
    element = driver.find_element(AppiumBy.XPATH, element)
  File "/Users/dhruvmenon/Library/Caches/pypoetry/virtualenvs/optics-framework-OUvbXnVz-py3.13/lib/python3.13/site-packages/selenium/webdriver/remote/webdriver.py", line 917, in find_element
    return self.execute(Command.FIND_ELEMENT, {"using": by, "value": value})["value"]
           ~~~~~~~~~~~~^^^^^^^^^^^^^^^^^^^^^^^^^^^^^^^^^^^^^^^^^^^^^^^^^^^^^
  File "/Users/dhruvmenon/Library/Caches/pypoetry/virtualenvs/optics-framework-OUvbXnVz-py3.13/lib/python3.13/site-packages/selenium/webdriver/remote/webdriver.py", line 448, in execute
    self.error_handler.check_response(response)
    ~~~~~~~~~~~~~~~~~~~~~~~~~~~~~~~~~^^^^^^^^^^
  File "/Users/dhruvmenon/Library/Caches/pypoetry/virtualenvs/optics-framework-OUvbXnVz-py3.13/lib/python3.13/site-packages/appium/webdriver/errorhandler.py", line 125, in check_response
    raise exception_class(msg=message, stacktrace=format_stacktrace(stacktrace))
selenium.common.exceptions.NoSuchElementException: Message: An element could not be located on the page using the given search parameters.; For documentation on this error, please visit: https://www.selenium.dev/documentation/webdriver/troubleshooting/errors#no-such-element-exception
Stacktrace:
NoSuchElementError: An element could not be located on the page using the given search parameters.
    at AndroidUiautomator2Driver.findElOrEls (/Users/mozark/.appium/node_modules/appium-uiautomator2-driver/node_modules/appium-android-driver/lib/commands/find.ts:86:11)
    at processTicksAndRejections (node:internal/process/task_queues:95:5)
    at AndroidUiautomator2Driver.findElOrElsWithProcessing (/usr/local/lib/node_modules/appium/node_modules/@appium/base-driver/lib/basedriver/commands/find.ts:60:12)
    at AndroidUiautomator2Driver.findElement (/usr/local/lib/node_modules/appium/node_modules/@appium/base-driver/lib/basedriver/commands/find.ts:75:12)
2025-07-21 17:00:23,493 - DEBUG - Global driver health check passed for session_id: c61a8938-2637-4278-8c1c-11a22b91e874
2025-07-21 17:00:23,797 - ERROR - Error finding element: //android.widget.TextView[@text="Create contact"]
Traceback (most recent call last):
  File "/Users/dhruvmenon/Documents/optics-framework-1/optics_framework/engines/elementsources/appium_find_element.py", line 99, in locate
    element = driver.find_element(AppiumBy.XPATH, element)
  File "/Users/dhruvmenon/Library/Caches/pypoetry/virtualenvs/optics-framework-OUvbXnVz-py3.13/lib/python3.13/site-packages/selenium/webdriver/remote/webdriver.py", line 917, in find_element
    return self.execute(Command.FIND_ELEMENT, {"using": by, "value": value})["value"]
           ~~~~~~~~~~~~^^^^^^^^^^^^^^^^^^^^^^^^^^^^^^^^^^^^^^^^^^^^^^^^^^^^^
  File "/Users/dhruvmenon/Library/Caches/pypoetry/virtualenvs/optics-framework-OUvbXnVz-py3.13/lib/python3.13/site-packages/selenium/webdriver/remote/webdriver.py", line 448, in execute
    self.error_handler.check_response(response)
    ~~~~~~~~~~~~~~~~~~~~~~~~~~~~~~~~~^^^^^^^^^^
  File "/Users/dhruvmenon/Library/Caches/pypoetry/virtualenvs/optics-framework-OUvbXnVz-py3.13/lib/python3.13/site-packages/appium/webdriver/errorhandler.py", line 125, in check_response
    raise exception_class(msg=message, stacktrace=format_stacktrace(stacktrace))
selenium.common.exceptions.NoSuchElementException: Message: An element could not be located on the page using the given search parameters.; For documentation on this error, please visit: https://www.selenium.dev/documentation/webdriver/troubleshooting/errors#no-such-element-exception
Stacktrace:
NoSuchElementError: An element could not be located on the page using the given search parameters.
    at AndroidUiautomator2Driver.findElOrEls (/Users/mozark/.appium/node_modules/appium-uiautomator2-driver/node_modules/appium-android-driver/lib/commands/find.ts:86:11)
    at processTicksAndRejections (node:internal/process/task_queues:95:5)
    at AndroidUiautomator2Driver.findElOrElsWithProcessing (/usr/local/lib/node_modules/appium/node_modules/@appium/base-driver/lib/basedriver/commands/find.ts:60:12)
    at AndroidUiautomator2Driver.findElement (/usr/local/lib/node_modules/appium/node_modules/@appium/base-driver/lib/basedriver/commands/find.ts:75:12)
2025-07-21 17:00:24,129 - DEBUG - Global driver health check passed for session_id: c61a8938-2637-4278-8c1c-11a22b91e874
2025-07-21 17:00:24,628 - ERROR - Error finding element: //android.widget.TextView[@text="Create contact"]
Traceback (most recent call last):
  File "/Users/dhruvmenon/Documents/optics-framework-1/optics_framework/engines/elementsources/appium_find_element.py", line 99, in locate
    element = driver.find_element(AppiumBy.XPATH, element)
  File "/Users/dhruvmenon/Library/Caches/pypoetry/virtualenvs/optics-framework-OUvbXnVz-py3.13/lib/python3.13/site-packages/selenium/webdriver/remote/webdriver.py", line 917, in find_element
    return self.execute(Command.FIND_ELEMENT, {"using": by, "value": value})["value"]
           ~~~~~~~~~~~~^^^^^^^^^^^^^^^^^^^^^^^^^^^^^^^^^^^^^^^^^^^^^^^^^^^^^
  File "/Users/dhruvmenon/Library/Caches/pypoetry/virtualenvs/optics-framework-OUvbXnVz-py3.13/lib/python3.13/site-packages/selenium/webdriver/remote/webdriver.py", line 448, in execute
    self.error_handler.check_response(response)
    ~~~~~~~~~~~~~~~~~~~~~~~~~~~~~~~~~^^^^^^^^^^
  File "/Users/dhruvmenon/Library/Caches/pypoetry/virtualenvs/optics-framework-OUvbXnVz-py3.13/lib/python3.13/site-packages/appium/webdriver/errorhandler.py", line 125, in check_response
    raise exception_class(msg=message, stacktrace=format_stacktrace(stacktrace))
selenium.common.exceptions.NoSuchElementException: Message: An element could not be located on the page using the given search parameters.; For documentation on this error, please visit: https://www.selenium.dev/documentation/webdriver/troubleshooting/errors#no-such-element-exception
Stacktrace:
NoSuchElementError: An element could not be located on the page using the given search parameters.
    at AndroidUiautomator2Driver.findElOrEls (/Users/mozark/.appium/node_modules/appium-uiautomator2-driver/node_modules/appium-android-driver/lib/commands/find.ts:86:11)
    at processTicksAndRejections (node:internal/process/task_queues:95:5)
    at AndroidUiautomator2Driver.findElOrElsWithProcessing (/usr/local/lib/node_modules/appium/node_modules/@appium/base-driver/lib/basedriver/commands/find.ts:60:12)
    at AndroidUiautomator2Driver.findElement (/usr/local/lib/node_modules/appium/node_modules/@appium/base-driver/lib/basedriver/commands/find.ts:75:12)
2025-07-21 17:00:24,943 - DEBUG - Global driver health check passed for session_id: c61a8938-2637-4278-8c1c-11a22b91e874
2025-07-21 17:00:25,221 - ERROR - Error finding element: //android.widget.TextView[@text="Create contact"]
Traceback (most recent call last):
  File "/Users/dhruvmenon/Documents/optics-framework-1/optics_framework/engines/elementsources/appium_find_element.py", line 99, in locate
    element = driver.find_element(AppiumBy.XPATH, element)
  File "/Users/dhruvmenon/Library/Caches/pypoetry/virtualenvs/optics-framework-OUvbXnVz-py3.13/lib/python3.13/site-packages/selenium/webdriver/remote/webdriver.py", line 917, in find_element
    return self.execute(Command.FIND_ELEMENT, {"using": by, "value": value})["value"]
           ~~~~~~~~~~~~^^^^^^^^^^^^^^^^^^^^^^^^^^^^^^^^^^^^^^^^^^^^^^^^^^^^^
  File "/Users/dhruvmenon/Library/Caches/pypoetry/virtualenvs/optics-framework-OUvbXnVz-py3.13/lib/python3.13/site-packages/selenium/webdriver/remote/webdriver.py", line 448, in execute
    self.error_handler.check_response(response)
    ~~~~~~~~~~~~~~~~~~~~~~~~~~~~~~~~~^^^^^^^^^^
  File "/Users/dhruvmenon/Library/Caches/pypoetry/virtualenvs/optics-framework-OUvbXnVz-py3.13/lib/python3.13/site-packages/appium/webdriver/errorhandler.py", line 125, in check_response
    raise exception_class(msg=message, stacktrace=format_stacktrace(stacktrace))
selenium.common.exceptions.NoSuchElementException: Message: An element could not be located on the page using the given search parameters.; For documentation on this error, please visit: https://www.selenium.dev/documentation/webdriver/troubleshooting/errors#no-such-element-exception
Stacktrace:
NoSuchElementError: An element could not be located on the page using the given search parameters.
    at AndroidUiautomator2Driver.findElOrEls (/Users/mozark/.appium/node_modules/appium-uiautomator2-driver/node_modules/appium-android-driver/lib/commands/find.ts:86:11)
    at processTicksAndRejections (node:internal/process/task_queues:95:5)
    at AndroidUiautomator2Driver.findElOrElsWithProcessing (/usr/local/lib/node_modules/appium/node_modules/@appium/base-driver/lib/basedriver/commands/find.ts:60:12)
    at AndroidUiautomator2Driver.findElement (/usr/local/lib/node_modules/appium/node_modules/@appium/base-driver/lib/basedriver/commands/find.ts:75:12)
2025-07-21 17:00:25,540 - DEBUG - Global driver health check passed for session_id: c61a8938-2637-4278-8c1c-11a22b91e874
2025-07-21 17:00:25,806 - ERROR - Error finding element: //android.widget.TextView[@text="Create contact"]
Traceback (most recent call last):
  File "/Users/dhruvmenon/Documents/optics-framework-1/optics_framework/engines/elementsources/appium_find_element.py", line 99, in locate
    element = driver.find_element(AppiumBy.XPATH, element)
  File "/Users/dhruvmenon/Library/Caches/pypoetry/virtualenvs/optics-framework-OUvbXnVz-py3.13/lib/python3.13/site-packages/selenium/webdriver/remote/webdriver.py", line 917, in find_element
    return self.execute(Command.FIND_ELEMENT, {"using": by, "value": value})["value"]
           ~~~~~~~~~~~~^^^^^^^^^^^^^^^^^^^^^^^^^^^^^^^^^^^^^^^^^^^^^^^^^^^^^
  File "/Users/dhruvmenon/Library/Caches/pypoetry/virtualenvs/optics-framework-OUvbXnVz-py3.13/lib/python3.13/site-packages/selenium/webdriver/remote/webdriver.py", line 448, in execute
    self.error_handler.check_response(response)
    ~~~~~~~~~~~~~~~~~~~~~~~~~~~~~~~~~^^^^^^^^^^
  File "/Users/dhruvmenon/Library/Caches/pypoetry/virtualenvs/optics-framework-OUvbXnVz-py3.13/lib/python3.13/site-packages/appium/webdriver/errorhandler.py", line 125, in check_response
    raise exception_class(msg=message, stacktrace=format_stacktrace(stacktrace))
selenium.common.exceptions.NoSuchElementException: Message: An element could not be located on the page using the given search parameters.; For documentation on this error, please visit: https://www.selenium.dev/documentation/webdriver/troubleshooting/errors#no-such-element-exception
Stacktrace:
NoSuchElementError: An element could not be located on the page using the given search parameters.
    at AndroidUiautomator2Driver.findElOrEls (/Users/mozark/.appium/node_modules/appium-uiautomator2-driver/node_modules/appium-android-driver/lib/commands/find.ts:86:11)
    at processTicksAndRejections (node:internal/process/task_queues:95:5)
    at AndroidUiautomator2Driver.findElOrElsWithProcessing (/usr/local/lib/node_modules/appium/node_modules/@appium/base-driver/lib/basedriver/commands/find.ts:60:12)
    at AndroidUiautomator2Driver.findElement (/usr/local/lib/node_modules/appium/node_modules/@appium/base-driver/lib/basedriver/commands/find.ts:75:12)
2025-07-21 17:00:26,213 - DEBUG - Global driver health check passed for session_id: c61a8938-2637-4278-8c1c-11a22b91e874
2025-07-21 17:00:26,520 - ERROR - Error finding element: //android.widget.TextView[@text="Create contact"]
Traceback (most recent call last):
  File "/Users/dhruvmenon/Documents/optics-framework-1/optics_framework/engines/elementsources/appium_find_element.py", line 99, in locate
    element = driver.find_element(AppiumBy.XPATH, element)
  File "/Users/dhruvmenon/Library/Caches/pypoetry/virtualenvs/optics-framework-OUvbXnVz-py3.13/lib/python3.13/site-packages/selenium/webdriver/remote/webdriver.py", line 917, in find_element
    return self.execute(Command.FIND_ELEMENT, {"using": by, "value": value})["value"]
           ~~~~~~~~~~~~^^^^^^^^^^^^^^^^^^^^^^^^^^^^^^^^^^^^^^^^^^^^^^^^^^^^^
  File "/Users/dhruvmenon/Library/Caches/pypoetry/virtualenvs/optics-framework-OUvbXnVz-py3.13/lib/python3.13/site-packages/selenium/webdriver/remote/webdriver.py", line 448, in execute
    self.error_handler.check_response(response)
    ~~~~~~~~~~~~~~~~~~~~~~~~~~~~~~~~~^^^^^^^^^^
  File "/Users/dhruvmenon/Library/Caches/pypoetry/virtualenvs/optics-framework-OUvbXnVz-py3.13/lib/python3.13/site-packages/appium/webdriver/errorhandler.py", line 125, in check_response
    raise exception_class(msg=message, stacktrace=format_stacktrace(stacktrace))
selenium.common.exceptions.NoSuchElementException: Message: An element could not be located on the page using the given search parameters.; For documentation on this error, please visit: https://www.selenium.dev/documentation/webdriver/troubleshooting/errors#no-such-element-exception
Stacktrace:
NoSuchElementError: An element could not be located on the page using the given search parameters.
    at AndroidUiautomator2Driver.findElOrEls (/Users/mozark/.appium/node_modules/appium-uiautomator2-driver/node_modules/appium-android-driver/lib/commands/find.ts:86:11)
    at processTicksAndRejections (node:internal/process/task_queues:95:5)
    at AndroidUiautomator2Driver.findElOrElsWithProcessing (/usr/local/lib/node_modules/appium/node_modules/@appium/base-driver/lib/basedriver/commands/find.ts:60:12)
    at AndroidUiautomator2Driver.findElement (/usr/local/lib/node_modules/appium/node_modules/@appium/base-driver/lib/basedriver/commands/find.ts:75:12)
2025-07-21 17:00:26,825 - DEBUG - Global driver health check passed for session_id: c61a8938-2637-4278-8c1c-11a22b91e874
2025-07-21 17:00:27,527 - ERROR - Error finding element: //android.widget.TextView[@text="Create contact"]
Traceback (most recent call last):
  File "/Users/dhruvmenon/Documents/optics-framework-1/optics_framework/engines/elementsources/appium_find_element.py", line 99, in locate
    element = driver.find_element(AppiumBy.XPATH, element)
  File "/Users/dhruvmenon/Library/Caches/pypoetry/virtualenvs/optics-framework-OUvbXnVz-py3.13/lib/python3.13/site-packages/selenium/webdriver/remote/webdriver.py", line 917, in find_element
    return self.execute(Command.FIND_ELEMENT, {"using": by, "value": value})["value"]
           ~~~~~~~~~~~~^^^^^^^^^^^^^^^^^^^^^^^^^^^^^^^^^^^^^^^^^^^^^^^^^^^^^
  File "/Users/dhruvmenon/Library/Caches/pypoetry/virtualenvs/optics-framework-OUvbXnVz-py3.13/lib/python3.13/site-packages/selenium/webdriver/remote/webdriver.py", line 448, in execute
    self.error_handler.check_response(response)
    ~~~~~~~~~~~~~~~~~~~~~~~~~~~~~~~~~^^^^^^^^^^
  File "/Users/dhruvmenon/Library/Caches/pypoetry/virtualenvs/optics-framework-OUvbXnVz-py3.13/lib/python3.13/site-packages/appium/webdriver/errorhandler.py", line 125, in check_response
    raise exception_class(msg=message, stacktrace=format_stacktrace(stacktrace))
selenium.common.exceptions.NoSuchElementException: Message: An element could not be located on the page using the given search parameters.; For documentation on this error, please visit: https://www.selenium.dev/documentation/webdriver/troubleshooting/errors#no-such-element-exception
Stacktrace:
NoSuchElementError: An element could not be located on the page using the given search parameters.
    at AndroidUiautomator2Driver.findElOrEls (/Users/mozark/.appium/node_modules/appium-uiautomator2-driver/node_modules/appium-android-driver/lib/commands/find.ts:86:11)
    at processTicksAndRejections (node:internal/process/task_queues:95:5)
    at AndroidUiautomator2Driver.findElOrElsWithProcessing (/usr/local/lib/node_modules/appium/node_modules/@appium/base-driver/lib/basedriver/commands/find.ts:60:12)
    at AndroidUiautomator2Driver.findElement (/usr/local/lib/node_modules/appium/node_modules/@appium/base-driver/lib/basedriver/commands/find.ts:75:12)
2025-07-21 17:00:27,871 - DEBUG - Global driver health check passed for session_id: c61a8938-2637-4278-8c1c-11a22b91e874
2025-07-21 17:00:28,155 - ERROR - Error finding element: //android.widget.TextView[@text="Create contact"]
Traceback (most recent call last):
  File "/Users/dhruvmenon/Documents/optics-framework-1/optics_framework/engines/elementsources/appium_find_element.py", line 99, in locate
    element = driver.find_element(AppiumBy.XPATH, element)
  File "/Users/dhruvmenon/Library/Caches/pypoetry/virtualenvs/optics-framework-OUvbXnVz-py3.13/lib/python3.13/site-packages/selenium/webdriver/remote/webdriver.py", line 917, in find_element
    return self.execute(Command.FIND_ELEMENT, {"using": by, "value": value})["value"]
           ~~~~~~~~~~~~^^^^^^^^^^^^^^^^^^^^^^^^^^^^^^^^^^^^^^^^^^^^^^^^^^^^^
  File "/Users/dhruvmenon/Library/Caches/pypoetry/virtualenvs/optics-framework-OUvbXnVz-py3.13/lib/python3.13/site-packages/selenium/webdriver/remote/webdriver.py", line 448, in execute
    self.error_handler.check_response(response)
    ~~~~~~~~~~~~~~~~~~~~~~~~~~~~~~~~~^^^^^^^^^^
  File "/Users/dhruvmenon/Library/Caches/pypoetry/virtualenvs/optics-framework-OUvbXnVz-py3.13/lib/python3.13/site-packages/appium/webdriver/errorhandler.py", line 125, in check_response
    raise exception_class(msg=message, stacktrace=format_stacktrace(stacktrace))
selenium.common.exceptions.NoSuchElementException: Message: An element could not be located on the page using the given search parameters.; For documentation on this error, please visit: https://www.selenium.dev/documentation/webdriver/troubleshooting/errors#no-such-element-exception
Stacktrace:
NoSuchElementError: An element could not be located on the page using the given search parameters.
    at AndroidUiautomator2Driver.findElOrEls (/Users/mozark/.appium/node_modules/appium-uiautomator2-driver/node_modules/appium-android-driver/lib/commands/find.ts:86:11)
    at processTicksAndRejections (node:internal/process/task_queues:95:5)
    at AndroidUiautomator2Driver.findElOrElsWithProcessing (/usr/local/lib/node_modules/appium/node_modules/@appium/base-driver/lib/basedriver/commands/find.ts:60:12)
    at AndroidUiautomator2Driver.findElement (/usr/local/lib/node_modules/appium/node_modules/@appium/base-driver/lib/basedriver/commands/find.ts:75:12)
2025-07-21 17:00:28,502 - DEBUG - Global driver health check passed for session_id: c61a8938-2637-4278-8c1c-11a22b91e874
2025-07-21 17:00:28,802 - ERROR - Error finding element: //android.widget.TextView[@text="Create contact"]
Traceback (most recent call last):
  File "/Users/dhruvmenon/Documents/optics-framework-1/optics_framework/engines/elementsources/appium_find_element.py", line 99, in locate
    element = driver.find_element(AppiumBy.XPATH, element)
  File "/Users/dhruvmenon/Library/Caches/pypoetry/virtualenvs/optics-framework-OUvbXnVz-py3.13/lib/python3.13/site-packages/selenium/webdriver/remote/webdriver.py", line 917, in find_element
    return self.execute(Command.FIND_ELEMENT, {"using": by, "value": value})["value"]
           ~~~~~~~~~~~~^^^^^^^^^^^^^^^^^^^^^^^^^^^^^^^^^^^^^^^^^^^^^^^^^^^^^
  File "/Users/dhruvmenon/Library/Caches/pypoetry/virtualenvs/optics-framework-OUvbXnVz-py3.13/lib/python3.13/site-packages/selenium/webdriver/remote/webdriver.py", line 448, in execute
    self.error_handler.check_response(response)
    ~~~~~~~~~~~~~~~~~~~~~~~~~~~~~~~~~^^^^^^^^^^
  File "/Users/dhruvmenon/Library/Caches/pypoetry/virtualenvs/optics-framework-OUvbXnVz-py3.13/lib/python3.13/site-packages/appium/webdriver/errorhandler.py", line 125, in check_response
    raise exception_class(msg=message, stacktrace=format_stacktrace(stacktrace))
selenium.common.exceptions.NoSuchElementException: Message: An element could not be located on the page using the given search parameters.; For documentation on this error, please visit: https://www.selenium.dev/documentation/webdriver/troubleshooting/errors#no-such-element-exception
Stacktrace:
NoSuchElementError: An element could not be located on the page using the given search parameters.
    at AndroidUiautomator2Driver.findElOrEls (/Users/mozark/.appium/node_modules/appium-uiautomator2-driver/node_modules/appium-android-driver/lib/commands/find.ts:86:11)
    at processTicksAndRejections (node:internal/process/task_queues:95:5)
    at AndroidUiautomator2Driver.findElOrElsWithProcessing (/usr/local/lib/node_modules/appium/node_modules/@appium/base-driver/lib/basedriver/commands/find.ts:60:12)
    at AndroidUiautomator2Driver.findElement (/usr/local/lib/node_modules/appium/node_modules/@appium/base-driver/lib/basedriver/commands/find.ts:75:12)
2025-07-21 17:00:29,145 - DEBUG - Global driver health check passed for session_id: c61a8938-2637-4278-8c1c-11a22b91e874
2025-07-21 17:00:29,436 - ERROR - Error finding element: //android.widget.TextView[@text="Create contact"]
Traceback (most recent call last):
  File "/Users/dhruvmenon/Documents/optics-framework-1/optics_framework/engines/elementsources/appium_find_element.py", line 99, in locate
    element = driver.find_element(AppiumBy.XPATH, element)
  File "/Users/dhruvmenon/Library/Caches/pypoetry/virtualenvs/optics-framework-OUvbXnVz-py3.13/lib/python3.13/site-packages/selenium/webdriver/remote/webdriver.py", line 917, in find_element
    return self.execute(Command.FIND_ELEMENT, {"using": by, "value": value})["value"]
           ~~~~~~~~~~~~^^^^^^^^^^^^^^^^^^^^^^^^^^^^^^^^^^^^^^^^^^^^^^^^^^^^^
  File "/Users/dhruvmenon/Library/Caches/pypoetry/virtualenvs/optics-framework-OUvbXnVz-py3.13/lib/python3.13/site-packages/selenium/webdriver/remote/webdriver.py", line 448, in execute
    self.error_handler.check_response(response)
    ~~~~~~~~~~~~~~~~~~~~~~~~~~~~~~~~~^^^^^^^^^^
  File "/Users/dhruvmenon/Library/Caches/pypoetry/virtualenvs/optics-framework-OUvbXnVz-py3.13/lib/python3.13/site-packages/appium/webdriver/errorhandler.py", line 125, in check_response
    raise exception_class(msg=message, stacktrace=format_stacktrace(stacktrace))
selenium.common.exceptions.NoSuchElementException: Message: An element could not be located on the page using the given search parameters.; For documentation on this error, please visit: https://www.selenium.dev/documentation/webdriver/troubleshooting/errors#no-such-element-exception
Stacktrace:
NoSuchElementError: An element could not be located on the page using the given search parameters.
    at AndroidUiautomator2Driver.findElOrEls (/Users/mozark/.appium/node_modules/appium-uiautomator2-driver/node_modules/appium-android-driver/lib/commands/find.ts:86:11)
    at processTicksAndRejections (node:internal/process/task_queues:95:5)
    at AndroidUiautomator2Driver.findElOrElsWithProcessing (/usr/local/lib/node_modules/appium/node_modules/@appium/base-driver/lib/basedriver/commands/find.ts:60:12)
    at AndroidUiautomator2Driver.findElement (/usr/local/lib/node_modules/appium/node_modules/@appium/base-driver/lib/basedriver/commands/find.ts:75:12)
2025-07-21 17:00:29,762 - DEBUG - Global driver health check passed for session_id: c61a8938-2637-4278-8c1c-11a22b91e874
2025-07-21 17:00:30,677 - ERROR - Error finding element: //android.widget.TextView[@text="Create contact"]
Traceback (most recent call last):
  File "/Users/dhruvmenon/Documents/optics-framework-1/optics_framework/engines/elementsources/appium_find_element.py", line 99, in locate
    element = driver.find_element(AppiumBy.XPATH, element)
  File "/Users/dhruvmenon/Library/Caches/pypoetry/virtualenvs/optics-framework-OUvbXnVz-py3.13/lib/python3.13/site-packages/selenium/webdriver/remote/webdriver.py", line 917, in find_element
    return self.execute(Command.FIND_ELEMENT, {"using": by, "value": value})["value"]
           ~~~~~~~~~~~~^^^^^^^^^^^^^^^^^^^^^^^^^^^^^^^^^^^^^^^^^^^^^^^^^^^^^
  File "/Users/dhruvmenon/Library/Caches/pypoetry/virtualenvs/optics-framework-OUvbXnVz-py3.13/lib/python3.13/site-packages/selenium/webdriver/remote/webdriver.py", line 448, in execute
    self.error_handler.check_response(response)
    ~~~~~~~~~~~~~~~~~~~~~~~~~~~~~~~~~^^^^^^^^^^
  File "/Users/dhruvmenon/Library/Caches/pypoetry/virtualenvs/optics-framework-OUvbXnVz-py3.13/lib/python3.13/site-packages/appium/webdriver/errorhandler.py", line 125, in check_response
    raise exception_class(msg=message, stacktrace=format_stacktrace(stacktrace))
selenium.common.exceptions.NoSuchElementException: Message: An element could not be located on the page using the given search parameters.; For documentation on this error, please visit: https://www.selenium.dev/documentation/webdriver/troubleshooting/errors#no-such-element-exception
Stacktrace:
NoSuchElementError: An element could not be located on the page using the given search parameters.
    at AndroidUiautomator2Driver.findElOrEls (/Users/mozark/.appium/node_modules/appium-uiautomator2-driver/node_modules/appium-android-driver/lib/commands/find.ts:86:11)
    at processTicksAndRejections (node:internal/process/task_queues:95:5)
    at AndroidUiautomator2Driver.findElOrElsWithProcessing (/usr/local/lib/node_modules/appium/node_modules/@appium/base-driver/lib/basedriver/commands/find.ts:60:12)
    at AndroidUiautomator2Driver.findElement (/usr/local/lib/node_modules/appium/node_modules/@appium/base-driver/lib/basedriver/commands/find.ts:75:12)
2025-07-21 17:00:31,006 - DEBUG - Global driver health check passed for session_id: c61a8938-2637-4278-8c1c-11a22b91e874
2025-07-21 17:00:31,314 - ERROR - Error finding element: //android.widget.TextView[@text="Create contact"]
Traceback (most recent call last):
  File "/Users/dhruvmenon/Documents/optics-framework-1/optics_framework/engines/elementsources/appium_find_element.py", line 99, in locate
    element = driver.find_element(AppiumBy.XPATH, element)
  File "/Users/dhruvmenon/Library/Caches/pypoetry/virtualenvs/optics-framework-OUvbXnVz-py3.13/lib/python3.13/site-packages/selenium/webdriver/remote/webdriver.py", line 917, in find_element
    return self.execute(Command.FIND_ELEMENT, {"using": by, "value": value})["value"]
           ~~~~~~~~~~~~^^^^^^^^^^^^^^^^^^^^^^^^^^^^^^^^^^^^^^^^^^^^^^^^^^^^^
  File "/Users/dhruvmenon/Library/Caches/pypoetry/virtualenvs/optics-framework-OUvbXnVz-py3.13/lib/python3.13/site-packages/selenium/webdriver/remote/webdriver.py", line 448, in execute
    self.error_handler.check_response(response)
    ~~~~~~~~~~~~~~~~~~~~~~~~~~~~~~~~~^^^^^^^^^^
  File "/Users/dhruvmenon/Library/Caches/pypoetry/virtualenvs/optics-framework-OUvbXnVz-py3.13/lib/python3.13/site-packages/appium/webdriver/errorhandler.py", line 125, in check_response
    raise exception_class(msg=message, stacktrace=format_stacktrace(stacktrace))
selenium.common.exceptions.NoSuchElementException: Message: An element could not be located on the page using the given search parameters.; For documentation on this error, please visit: https://www.selenium.dev/documentation/webdriver/troubleshooting/errors#no-such-element-exception
Stacktrace:
NoSuchElementError: An element could not be located on the page using the given search parameters.
    at AndroidUiautomator2Driver.findElOrEls (/Users/mozark/.appium/node_modules/appium-uiautomator2-driver/node_modules/appium-android-driver/lib/commands/find.ts:86:11)
    at processTicksAndRejections (node:internal/process/task_queues:95:5)
    at AndroidUiautomator2Driver.findElOrElsWithProcessing (/usr/local/lib/node_modules/appium/node_modules/@appium/base-driver/lib/basedriver/commands/find.ts:60:12)
    at AndroidUiautomator2Driver.findElement (/usr/local/lib/node_modules/appium/node_modules/@appium/base-driver/lib/basedriver/commands/find.ts:75:12)
2025-07-21 17:00:31,645 - DEBUG - Global driver health check passed for session_id: c61a8938-2637-4278-8c1c-11a22b91e874
2025-07-21 17:00:31,979 - ERROR - Error finding element: //android.widget.TextView[@text="Create contact"]
Traceback (most recent call last):
  File "/Users/dhruvmenon/Documents/optics-framework-1/optics_framework/engines/elementsources/appium_find_element.py", line 99, in locate
    element = driver.find_element(AppiumBy.XPATH, element)
  File "/Users/dhruvmenon/Library/Caches/pypoetry/virtualenvs/optics-framework-OUvbXnVz-py3.13/lib/python3.13/site-packages/selenium/webdriver/remote/webdriver.py", line 917, in find_element
    return self.execute(Command.FIND_ELEMENT, {"using": by, "value": value})["value"]
           ~~~~~~~~~~~~^^^^^^^^^^^^^^^^^^^^^^^^^^^^^^^^^^^^^^^^^^^^^^^^^^^^^
  File "/Users/dhruvmenon/Library/Caches/pypoetry/virtualenvs/optics-framework-OUvbXnVz-py3.13/lib/python3.13/site-packages/selenium/webdriver/remote/webdriver.py", line 448, in execute
    self.error_handler.check_response(response)
    ~~~~~~~~~~~~~~~~~~~~~~~~~~~~~~~~~^^^^^^^^^^
  File "/Users/dhruvmenon/Library/Caches/pypoetry/virtualenvs/optics-framework-OUvbXnVz-py3.13/lib/python3.13/site-packages/appium/webdriver/errorhandler.py", line 125, in check_response
    raise exception_class(msg=message, stacktrace=format_stacktrace(stacktrace))
selenium.common.exceptions.NoSuchElementException: Message: An element could not be located on the page using the given search parameters.; For documentation on this error, please visit: https://www.selenium.dev/documentation/webdriver/troubleshooting/errors#no-such-element-exception
Stacktrace:
NoSuchElementError: An element could not be located on the page using the given search parameters.
    at AndroidUiautomator2Driver.findElOrEls (/Users/mozark/.appium/node_modules/appium-uiautomator2-driver/node_modules/appium-android-driver/lib/commands/find.ts:86:11)
    at processTicksAndRejections (node:internal/process/task_queues:95:5)
    at AndroidUiautomator2Driver.findElOrElsWithProcessing (/usr/local/lib/node_modules/appium/node_modules/@appium/base-driver/lib/basedriver/commands/find.ts:60:12)
    at AndroidUiautomator2Driver.findElement (/usr/local/lib/node_modules/appium/node_modules/@appium/base-driver/lib/basedriver/commands/find.ts:75:12)
2025-07-21 17:00:32,319 - DEBUG - Global driver health check passed for session_id: c61a8938-2637-4278-8c1c-11a22b91e874
2025-07-21 17:00:32,587 - ERROR - Error finding element: //android.widget.TextView[@text="Create contact"]
Traceback (most recent call last):
  File "/Users/dhruvmenon/Documents/optics-framework-1/optics_framework/engines/elementsources/appium_find_element.py", line 99, in locate
    element = driver.find_element(AppiumBy.XPATH, element)
  File "/Users/dhruvmenon/Library/Caches/pypoetry/virtualenvs/optics-framework-OUvbXnVz-py3.13/lib/python3.13/site-packages/selenium/webdriver/remote/webdriver.py", line 917, in find_element
    return self.execute(Command.FIND_ELEMENT, {"using": by, "value": value})["value"]
           ~~~~~~~~~~~~^^^^^^^^^^^^^^^^^^^^^^^^^^^^^^^^^^^^^^^^^^^^^^^^^^^^^
  File "/Users/dhruvmenon/Library/Caches/pypoetry/virtualenvs/optics-framework-OUvbXnVz-py3.13/lib/python3.13/site-packages/selenium/webdriver/remote/webdriver.py", line 448, in execute
    self.error_handler.check_response(response)
    ~~~~~~~~~~~~~~~~~~~~~~~~~~~~~~~~~^^^^^^^^^^
  File "/Users/dhruvmenon/Library/Caches/pypoetry/virtualenvs/optics-framework-OUvbXnVz-py3.13/lib/python3.13/site-packages/appium/webdriver/errorhandler.py", line 125, in check_response
    raise exception_class(msg=message, stacktrace=format_stacktrace(stacktrace))
selenium.common.exceptions.NoSuchElementException: Message: An element could not be located on the page using the given search parameters.; For documentation on this error, please visit: https://www.selenium.dev/documentation/webdriver/troubleshooting/errors#no-such-element-exception
Stacktrace:
NoSuchElementError: An element could not be located on the page using the given search parameters.
    at AndroidUiautomator2Driver.findElOrEls (/Users/mozark/.appium/node_modules/appium-uiautomator2-driver/node_modules/appium-android-driver/lib/commands/find.ts:86:11)
    at processTicksAndRejections (node:internal/process/task_queues:95:5)
    at AndroidUiautomator2Driver.findElOrElsWithProcessing (/usr/local/lib/node_modules/appium/node_modules/@appium/base-driver/lib/basedriver/commands/find.ts:60:12)
    at AndroidUiautomator2Driver.findElement (/usr/local/lib/node_modules/appium/node_modules/@appium/base-driver/lib/basedriver/commands/find.ts:75:12)
2025-07-21 17:00:32,925 - DEBUG - Global driver health check passed for session_id: c61a8938-2637-4278-8c1c-11a22b91e874
2025-07-21 17:00:33,381 - INFO - Terminating Appium session with session_id: c61a8938-2637-4278-8c1c-11a22b91e874
